<?xml version="1.0" encoding="UTF-8"?>
<testsuite xmlns:xsi="http://www.w3.org/2001/XMLSchema-instance" xsi:noNamespaceSchemaLocation="https://maven.apache.org/surefire/maven-failsafe-plugin/xsd/failsafe-test-report-3.0.xsd" version="3.0" name="Job Order Request" time="0.197" tests="17" errors="17" skipped="0" failures="0">
  <properties>
    <property name="java.specification.version" value="17"/>
    <property name="sun.jnu.encoding" value="UTF-8"/>
    <property name="java.class.path" value="/Users/fizkiarditiakusuma/Documents/Nastha_Group/recruitment_nashta_API/target/test-classes:/Users/fizkiarditiakusuma/.m2/repository/ch/qos/logback/logback-classic/1.2.3/logback-classic-1.2.3.jar:/Users/fizkiarditiakusuma/.m2/repository/ch/qos/logback/logback-core/1.2.3/logback-core-1.2.3.jar:/Users/fizkiarditiakusuma/.m2/repository/org/slf4j/slf4j-api/1.7.25/slf4j-api-1.7.25.jar:/Users/fizkiarditiakusuma/.m2/repository/net/serenity-bdd/serenity-core/2.4.51/serenity-core-2.4.51.jar:/Users/fizkiarditiakusuma/.m2/repository/net/serenity-bdd/serenity-model/2.4.51/serenity-model-2.4.51.jar:/Users/fizkiarditiakusuma/.m2/repository/org/apache/commons/commons-text/1.9/commons-text-1.9.jar:/Users/fizkiarditiakusuma/.m2/repository/commons-net/commons-net/3.6/commons-net-3.6.jar:/Users/fizkiarditiakusuma/.m2/repository/com/google/guava/guava/30.1-jre/guava-30.1-jre.jar:/Users/fizkiarditiakusuma/.m2/repository/com/google/guava/failureaccess/1.0.1/failureaccess-1.0.1.jar:/Users/fizkiarditiakusuma/.m2/repository/com/google/guava/listenablefuture/9999.0-empty-to-avoid-conflict-with-guava/listenablefuture-9999.0-empty-to-avoid-conflict-with-guava.jar:/Users/fizkiarditiakusuma/.m2/repository/org/checkerframework/checker-qual/3.5.0/checker-qual-3.5.0.jar:/Users/fizkiarditiakusuma/.m2/repository/com/google/errorprone/error_prone_annotations/2.3.4/error_prone_annotations-2.3.4.jar:/Users/fizkiarditiakusuma/.m2/repository/com/google/j2objc/j2objc-annotations/1.3/j2objc-annotations-1.3.jar:/Users/fizkiarditiakusuma/.m2/repository/com/google/inject/guice/5.0.1/guice-5.0.1.jar:/Users/fizkiarditiakusuma/.m2/repository/javax/inject/javax.inject/1/javax.inject-1.jar:/Users/fizkiarditiakusuma/.m2/repository/aopalliance/aopalliance/1.0/aopalliance-1.0.jar:/Users/fizkiarditiakusuma/.m2/repository/org/jsoup/jsoup/1.13.1/jsoup-1.13.1.jar:/Users/fizkiarditiakusuma/.m2/repository/com/thoughtworks/xstream/xstream/1.4.17/xstream-1.4.17.jar:/Users/fizkiarditiakusuma/.m2/repository/io/github/x-stream/mxparser/1.2.1/mxparser-1.2.1.jar:/Users/fizkiarditiakusuma/.m2/repository/xmlpull/xmlpull/1.1.3.1/xmlpull-1.1.3.1.jar:/Users/fizkiarditiakusuma/.m2/repository/io/cucumber/cucumber-core/6.10.2/cucumber-core-6.10.2.jar:/Users/fizkiarditiakusuma/.m2/repository/io/cucumber/cucumber-gherkin/6.10.2/cucumber-gherkin-6.10.2.jar:/Users/fizkiarditiakusuma/.m2/repository/io/cucumber/cucumber-gherkin-messages/6.10.2/cucumber-gherkin-messages-6.10.2.jar:/Users/fizkiarditiakusuma/.m2/repository/io/cucumber/messages/14.0.1/messages-14.0.1.jar:/Users/fizkiarditiakusuma/.m2/repository/io/cucumber/tag-expressions/3.0.0/tag-expressions-3.0.0.jar:/Users/fizkiarditiakusuma/.m2/repository/io/cucumber/cucumber-expressions/10.3.0/cucumber-expressions-10.3.0.jar:/Users/fizkiarditiakusuma/.m2/repository/io/cucumber/cucumber-plugin/6.10.2/cucumber-plugin-6.10.2.jar:/Users/fizkiarditiakusuma/.m2/repository/io/cucumber/docstring/6.10.2/docstring-6.10.2.jar:/Users/fizkiarditiakusuma/.m2/repository/io/cucumber/html-formatter/12.0.0/html-formatter-12.0.0.jar:/Users/fizkiarditiakusuma/.m2/repository/io/cucumber/create-meta/3.0.0/create-meta-3.0.0.jar:/Users/fizkiarditiakusuma/.m2/repository/com/typesafe/config/1.3.1/config-1.3.1.jar:/Users/fizkiarditiakusuma/.m2/repository/org/imgscalr/imgscalr-lib/4.2/imgscalr-lib-4.2.jar:/Users/fizkiarditiakusuma/.m2/repository/org/awaitility/awaitility/4.0.3/awaitility-4.0.3.jar:/Users/fizkiarditiakusuma/.m2/repository/org/freemarker/freemarker/2.3.29/freemarker-2.3.29.jar:/Users/fizkiarditiakusuma/.m2/repository/net/sourceforge/jexcelapi/jxl/2.6.12/jxl-2.6.12.jar:/Users/fizkiarditiakusuma/.m2/repository/org/asciidoctor/asciidoctorj/2.5.1/asciidoctorj-2.5.1.jar:/Users/fizkiarditiakusuma/.m2/repository/org/asciidoctor/asciidoctorj-api/2.5.1/asciidoctorj-api-2.5.1.jar:/Users/fizkiarditiakusuma/.m2/repository/org/jruby/jruby/9.2.17.0/jruby-9.2.17.0.jar:/Users/fizkiarditiakusuma/.m2/repository/org/jruby/jruby-core/9.2.17.0/jruby-core-9.2.17.0.jar:/Users/fizkiarditiakusuma/.m2/repository/com/github/jnr/jnr-netdb/1.2.0/jnr-netdb-1.2.0.jar:/Users/fizkiarditiakusuma/.m2/repository/com/github/jnr/jnr-enxio/0.32.3/jnr-enxio-0.32.3.jar:/Users/fizkiarditiakusuma/.m2/repository/com/github/jnr/jnr-unixsocket/0.38.5/jnr-unixsocket-0.38.5.jar:/Users/fizkiarditiakusuma/.m2/repository/com/github/jnr/jnr-posix/3.1.4/jnr-posix-3.1.4.jar:/Users/fizkiarditiakusuma/.m2/repository/com/github/jnr/jnr-constants/0.10.1/jnr-constants-0.10.1.jar:/Users/fizkiarditiakusuma/.m2/repository/com/github/jnr/jffi/1.3.1/jffi-1.3.1.jar:/Users/fizkiarditiakusuma/.m2/repository/com/github/jnr/jffi/1.3.1/jffi-1.3.1-native.jar:/Users/fizkiarditiakusuma/.m2/repository/org/jruby/joni/joni/2.1.31/joni-2.1.31.jar:/Users/fizkiarditiakusuma/.m2/repository/org/jruby/jcodings/jcodings/1.0.46/jcodings-1.0.46.jar:/Users/fizkiarditiakusuma/.m2/repository/org/jruby/dirgra/0.3/dirgra-0.3.jar:/Users/fizkiarditiakusuma/.m2/repository/com/headius/invokebinder/1.11/invokebinder-1.11.jar:/Users/fizkiarditiakusuma/.m2/repository/com/headius/options/1.4/options-1.4.jar:/Users/fizkiarditiakusuma/.m2/repository/com/jcraft/jzlib/1.1.3/jzlib-1.1.3.jar:/Users/fizkiarditiakusuma/.m2/repository/com/martiansoftware/nailgun-server/0.9.1/nailgun-server-0.9.1.jar:/Users/fizkiarditiakusuma/.m2/repository/com/headius/backport9/1.8/backport9-1.8.jar:/Users/fizkiarditiakusuma/.m2/repository/javax/annotation/javax.annotation-api/1.3.1/javax.annotation-api-1.3.1.jar:/Users/fizkiarditiakusuma/.m2/repository/org/jruby/jruby-stdlib/9.2.17.0/jruby-stdlib-9.2.17.0.jar:/Users/fizkiarditiakusuma/.m2/repository/net/bytebuddy/byte-buddy/1.11.1/byte-buddy-1.11.1.jar:/Users/fizkiarditiakusuma/.m2/repository/net/bytebuddy/byte-buddy-agent/1.11.1/byte-buddy-agent-1.11.1.jar:/Users/fizkiarditiakusuma/.m2/repository/org/objenesis/objenesis/3.1/objenesis-3.1.jar:/Users/fizkiarditiakusuma/.m2/repository/net/serenity-bdd/serenity-reports/2.4.51/serenity-reports-2.4.51.jar:/Users/fizkiarditiakusuma/.m2/repository/net/serenity-bdd/serenity-stats/2.4.51/serenity-stats-2.4.51.jar:/Users/fizkiarditiakusuma/.m2/repository/org/jetbrains/kotlin/kotlin-stdlib/1.5.0/kotlin-stdlib-1.5.0.jar:/Users/fizkiarditiakusuma/.m2/repository/org/jetbrains/annotations/13.0/annotations-13.0.jar:/Users/fizkiarditiakusuma/.m2/repository/org/jetbrains/kotlin/kotlin-stdlib-common/1.5.0/kotlin-stdlib-common-1.5.0.jar:/Users/fizkiarditiakusuma/.m2/repository/net/serenity-bdd/serenity-reports-configuration/2.4.51/serenity-reports-configuration-2.4.51.jar:/Users/fizkiarditiakusuma/.m2/repository/com/vladsch/flexmark/flexmark-all/0.34.30/flexmark-all-0.34.30.jar:/Users/fizkiarditiakusuma/.m2/repository/com/vladsch/flexmark/flexmark/0.34.30/flexmark-0.34.30.jar:/Users/fizkiarditiakusuma/.m2/repository/com/vladsch/flexmark/flexmark-ext-abbreviation/0.34.30/flexmark-ext-abbreviation-0.34.30.jar:/Users/fizkiarditiakusuma/.m2/repository/com/vladsch/flexmark/flexmark-ext-admonition/0.34.30/flexmark-ext-admonition-0.34.30.jar:/Users/fizkiarditiakusuma/.m2/repository/com/vladsch/flexmark/flexmark-ext-anchorlink/0.34.30/flexmark-ext-anchorlink-0.34.30.jar:/Users/fizkiarditiakusuma/.m2/repository/com/vladsch/flexmark/flexmark-ext-aside/0.34.30/flexmark-ext-aside-0.34.30.jar:/Users/fizkiarditiakusuma/.m2/repository/com/vladsch/flexmark/flexmark-ext-attributes/0.34.30/flexmark-ext-attributes-0.34.30.jar:/Users/fizkiarditiakusuma/.m2/repository/com/vladsch/flexmark/flexmark-ext-autolink/0.34.30/flexmark-ext-autolink-0.34.30.jar:/Users/fizkiarditiakusuma/.m2/repository/org/nibor/autolink/autolink/0.6.0/autolink-0.6.0.jar:/Users/fizkiarditiakusuma/.m2/repository/com/vladsch/flexmark/flexmark-ext-definition/0.34.30/flexmark-ext-definition-0.34.30.jar:/Users/fizkiarditiakusuma/.m2/repository/com/vladsch/flexmark/flexmark-ext-emoji/0.34.30/flexmark-ext-emoji-0.34.30.jar:/Users/fizkiarditiakusuma/.m2/repository/com/vladsch/flexmark/flexmark-ext-enumerated-reference/0.34.30/flexmark-ext-enumerated-reference-0.34.30.jar:/Users/fizkiarditiakusuma/.m2/repository/com/vladsch/flexmark/flexmark-ext-escaped-character/0.34.30/flexmark-ext-escaped-character-0.34.30.jar:/Users/fizkiarditiakusuma/.m2/repository/com/vladsch/flexmark/flexmark-ext-footnotes/0.34.30/flexmark-ext-footnotes-0.34.30.jar:/Users/fizkiarditiakusuma/.m2/repository/com/vladsch/flexmark/flexmark-ext-gfm-issues/0.34.30/flexmark-ext-gfm-issues-0.34.30.jar:/Users/fizkiarditiakusuma/.m2/repository/com/vladsch/flexmark/flexmark-ext-gfm-strikethrough/0.34.30/flexmark-ext-gfm-strikethrough-0.34.30.jar:/Users/fizkiarditiakusuma/.m2/repository/com/vladsch/flexmark/flexmark-ext-gfm-tables/0.34.30/flexmark-ext-gfm-tables-0.34.30.jar:/Users/fizkiarditiakusuma/.m2/repository/com/vladsch/flexmark/flexmark-ext-gfm-tasklist/0.34.30/flexmark-ext-gfm-tasklist-0.34.30.jar:/Users/fizkiarditiakusuma/.m2/repository/com/vladsch/flexmark/flexmark-ext-gfm-users/0.34.30/flexmark-ext-gfm-users-0.34.30.jar:/Users/fizkiarditiakusuma/.m2/repository/com/vladsch/flexmark/flexmark-ext-gitlab/0.34.30/flexmark-ext-gitlab-0.34.30.jar:/Users/fizkiarditiakusuma/.m2/repository/com/vladsch/flexmark/flexmark-ext-jekyll-front-matter/0.34.30/flexmark-ext-jekyll-front-matter-0.34.30.jar:/Users/fizkiarditiakusuma/.m2/repository/com/vladsch/flexmark/flexmark-ext-jekyll-tag/0.34.30/flexmark-ext-jekyll-tag-0.34.30.jar:/Users/fizkiarditiakusuma/.m2/repository/com/vladsch/flexmark/flexmark-ext-media-tags/0.34.30/flexmark-ext-media-tags-0.34.30.jar:/Users/fizkiarditiakusuma/.m2/repository/com/vladsch/flexmark/flexmark-test-util/0.34.30/flexmark-test-util-0.34.30.jar:/Users/fizkiarditiakusuma/.m2/repository/com/vladsch/flexmark/flexmark-ext-ins/0.34.30/flexmark-ext-ins-0.34.30.jar:/Users/fizkiarditiakusuma/.m2/repository/com/vladsch/flexmark/flexmark-ext-xwiki-macros/0.34.30/flexmark-ext-xwiki-macros-0.34.30.jar:/Users/fizkiarditiakusuma/.m2/repository/com/vladsch/flexmark/flexmark-ext-superscript/0.34.30/flexmark-ext-superscript-0.34.30.jar:/Users/fizkiarditiakusuma/.m2/repository/com/vladsch/flexmark/flexmark-ext-tables/0.34.30/flexmark-ext-tables-0.34.30.jar:/Users/fizkiarditiakusuma/.m2/repository/com/vladsch/flexmark/flexmark-ext-toc/0.34.30/flexmark-ext-toc-0.34.30.jar:/Users/fizkiarditiakusuma/.m2/repository/com/vladsch/flexmark/flexmark-ext-typographic/0.34.30/flexmark-ext-typographic-0.34.30.jar:/Users/fizkiarditiakusuma/.m2/repository/com/vladsch/flexmark/flexmark-ext-wikilink/0.34.30/flexmark-ext-wikilink-0.34.30.jar:/Users/fizkiarditiakusuma/.m2/repository/com/vladsch/flexmark/flexmark-ext-yaml-front-matter/0.34.30/flexmark-ext-yaml-front-matter-0.34.30.jar:/Users/fizkiarditiakusuma/.m2/repository/com/vladsch/flexmark/flexmark-ext-youtube-embedded/0.34.30/flexmark-ext-youtube-embedded-0.34.30.jar:/Users/fizkiarditiakusuma/.m2/repository/com/vladsch/flexmark/flexmark-formatter/0.34.30/flexmark-formatter-0.34.30.jar:/Users/fizkiarditiakusuma/.m2/repository/com/vladsch/flexmark/flexmark-html-parser/0.34.30/flexmark-html-parser-0.34.30.jar:/Users/fizkiarditiakusuma/.m2/repository/com/vladsch/flexmark/flexmark-jira-converter/0.34.30/flexmark-jira-converter-0.34.30.jar:/Users/fizkiarditiakusuma/.m2/repository/com/vladsch/flexmark/flexmark-pdf-converter/0.34.30/flexmark-pdf-converter-0.34.30.jar:/Users/fizkiarditiakusuma/.m2/repository/com/openhtmltopdf/openhtmltopdf-core/0.0.1-RC13/openhtmltopdf-core-0.0.1-RC13.jar:/Users/fizkiarditiakusuma/.m2/repository/com/openhtmltopdf/openhtmltopdf-pdfbox/0.0.1-RC13/openhtmltopdf-pdfbox-0.0.1-RC13.jar:/Users/fizkiarditiakusuma/.m2/repository/org/apache/pdfbox/pdfbox/2.0.8/pdfbox-2.0.8.jar:/Users/fizkiarditiakusuma/.m2/repository/org/apache/pdfbox/fontbox/2.0.8/fontbox-2.0.8.jar:/Users/fizkiarditiakusuma/.m2/repository/org/apache/pdfbox/xmpbox/2.0.8/xmpbox-2.0.8.jar:/Users/fizkiarditiakusuma/.m2/repository/de/rototor/pdfbox/graphics2d/0.12/graphics2d-0.12.jar:/Users/fizkiarditiakusuma/.m2/repository/com/openhtmltopdf/openhtmltopdf-rtl-support/0.0.1-RC13/openhtmltopdf-rtl-support-0.0.1-RC13.jar:/Users/fizkiarditiakusuma/.m2/repository/com/ibm/icu/icu4j/59.1/icu4j-59.1.jar:/Users/fizkiarditiakusuma/.m2/repository/com/openhtmltopdf/openhtmltopdf-jsoup-dom-converter/0.0.1-RC13/openhtmltopdf-jsoup-dom-converter-0.0.1-RC13.jar:/Users/fizkiarditiakusuma/.m2/repository/com/vladsch/flexmark/flexmark-profile-pegdown/0.34.30/flexmark-profile-pegdown-0.34.30.jar:/Users/fizkiarditiakusuma/.m2/repository/com/vladsch/flexmark/flexmark-util/0.34.30/flexmark-util-0.34.30.jar:/Users/fizkiarditiakusuma/.m2/repository/com/vladsch/flexmark/flexmark-youtrack-converter/0.34.30/flexmark-youtrack-converter-0.34.30.jar:/Users/fizkiarditiakusuma/.m2/repository/es/nitaur/markdown/txtmark/0.16/txtmark-0.16.jar:/Users/fizkiarditiakusuma/.m2/repository/net/serenity-bdd/serenity-report-resources/2.4.51/serenity-report-resources-2.4.51.jar:/Users/fizkiarditiakusuma/.m2/repository/com/google/code/gson/gson/2.8.7/gson-2.8.7.jar:/Users/fizkiarditiakusuma/.m2/repository/com/fasterxml/jackson/core/jackson-core/2.12.4/jackson-core-2.12.4.jar:/Users/fizkiarditiakusuma/.m2/repository/com/fasterxml/jackson/core/jackson-databind/2.12.4/jackson-databind-2.12.4.jar:/Users/fizkiarditiakusuma/.m2/repository/com/fasterxml/jackson/core/jackson-annotations/2.12.4/jackson-annotations-2.12.4.jar:/Users/fizkiarditiakusuma/.m2/repository/commons-codec/commons-codec/1.15/commons-codec-1.15.jar:/Users/fizkiarditiakusuma/.m2/repository/commons-io/commons-io/2.8.0/commons-io-2.8.0.jar:/Users/fizkiarditiakusuma/.m2/repository/org/seleniumhq/selenium/selenium-server/3.141.59/selenium-server-3.141.59.jar:/Users/fizkiarditiakusuma/.m2/repository/org/seleniumhq/selenium/selenium-opera-driver/3.141.59/selenium-opera-driver-3.141.59.jar:/Users/fizkiarditiakusuma/.m2/repository/org/seleniumhq/selenium/selenium-remote-driver/3.141.59/selenium-remote-driver-3.141.59.jar:/Users/fizkiarditiakusuma/.m2/repository/org/seleniumhq/selenium/selenium-safari-driver/3.141.59/selenium-safari-driver-3.141.59.jar:/Users/fizkiarditiakusuma/.m2/repository/com/beust/jcommander/1.72/jcommander-1.72.jar:/Users/fizkiarditiakusuma/.m2/repository/org/apache/commons/commons-exec/1.3/commons-exec-1.3.jar:/Users/fizkiarditiakusuma/.m2/repository/net/jcip/jcip-annotations/1.0/jcip-annotations-1.0.jar:/Users/fizkiarditiakusuma/.m2/repository/org/seleniumhq/selenium/jetty-repacked/9.4.12.v20180830/jetty-repacked-9.4.12.v20180830.jar:/Users/fizkiarditiakusuma/.m2/repository/com/squareup/okhttp3/okhttp/3.11.0/okhttp-3.11.0.jar:/Users/fizkiarditiakusuma/.m2/repository/com/squareup/okio/okio/1.14.0/okio-1.14.0.jar:/Users/fizkiarditiakusuma/.m2/repository/javax/servlet/javax.servlet-api/3.1.0/javax.servlet-api-3.1.0.jar:/Users/fizkiarditiakusuma/.m2/repository/org/yaml/snakeyaml/1.19/snakeyaml-1.19.jar:/Users/fizkiarditiakusuma/.m2/repository/org/seleniumhq/selenium/selenium-java/3.141.59/selenium-java-3.141.59.jar:/Users/fizkiarditiakusuma/.m2/repository/org/seleniumhq/selenium/selenium-api/3.141.59/selenium-api-3.141.59.jar:/Users/fizkiarditiakusuma/.m2/repository/org/seleniumhq/selenium/selenium-support/3.141.59/selenium-support-3.141.59.jar:/Users/fizkiarditiakusuma/.m2/repository/org/seleniumhq/selenium/selenium-chrome-driver/3.141.59/selenium-chrome-driver-3.141.59.jar:/Users/fizkiarditiakusuma/.m2/repository/org/seleniumhq/selenium/selenium-firefox-driver/3.141.59/selenium-firefox-driver-3.141.59.jar:/Users/fizkiarditiakusuma/.m2/repository/org/seleniumhq/selenium/selenium-edge-driver/3.141.59/selenium-edge-driver-3.141.59.jar:/Users/fizkiarditiakusuma/.m2/repository/org/seleniumhq/selenium/selenium-ie-driver/3.141.59/selenium-ie-driver-3.141.59.jar:/Users/fizkiarditiakusuma/.m2/repository/net/sourceforge/htmlunit/htmlunit/2.47.1/htmlunit-2.47.1.jar:/Users/fizkiarditiakusuma/.m2/repository/xalan/xalan/2.7.2/xalan-2.7.2.jar:/Users/fizkiarditiakusuma/.m2/repository/xalan/serializer/2.7.2/serializer-2.7.2.jar:/Users/fizkiarditiakusuma/.m2/repository/net/sourceforge/htmlunit/htmlunit-core-js/2.47.0/htmlunit-core-js-2.47.0.jar:/Users/fizkiarditiakusuma/.m2/repository/net/sourceforge/htmlunit/neko-htmlunit/2.47.1/neko-htmlunit-2.47.1.jar:/Users/fizkiarditiakusuma/.m2/repository/xerces/xercesImpl/2.12.0/xercesImpl-2.12.0.jar:/Users/fizkiarditiakusuma/.m2/repository/xml-apis/xml-apis/1.4.01/xml-apis-1.4.01.jar:/Users/fizkiarditiakusuma/.m2/repository/net/sourceforge/htmlunit/htmlunit-cssparser/1.7.0/htmlunit-cssparser-1.7.0.jar:/Users/fizkiarditiakusuma/.m2/repository/org/brotli/dec/0.1.2/dec-0.1.2.jar:/Users/fizkiarditiakusuma/.m2/repository/com/shapesecurity/salvation2/3.0.0/salvation2-3.0.0.jar:/Users/fizkiarditiakusuma/.m2/repository/org/eclipse/jetty/websocket/websocket-client/9.4.36.v20210114/websocket-client-9.4.36.v20210114.jar:/Users/fizkiarditiakusuma/.m2/repository/org/eclipse/jetty/jetty-client/9.4.36.v20210114/jetty-client-9.4.36.v20210114.jar:/Users/fizkiarditiakusuma/.m2/repository/org/eclipse/jetty/jetty-http/9.4.36.v20210114/jetty-http-9.4.36.v20210114.jar:/Users/fizkiarditiakusuma/.m2/repository/org/eclipse/jetty/jetty-util/9.4.36.v20210114/jetty-util-9.4.36.v20210114.jar:/Users/fizkiarditiakusuma/.m2/repository/org/eclipse/jetty/jetty-io/9.4.36.v20210114/jetty-io-9.4.36.v20210114.jar:/Users/fizkiarditiakusuma/.m2/repository/org/eclipse/jetty/websocket/websocket-common/9.4.36.v20210114/websocket-common-9.4.36.v20210114.jar:/Users/fizkiarditiakusuma/.m2/repository/org/eclipse/jetty/websocket/websocket-api/9.4.36.v20210114/websocket-api-9.4.36.v20210114.jar:/Users/fizkiarditiakusuma/.m2/repository/org/projectlombok/lombok/1.18.20/lombok-1.18.20.jar:/Users/fizkiarditiakusuma/.m2/repository/org/seleniumhq/selenium/htmlunit-driver/2.47.1/htmlunit-driver-2.47.1.jar:/Users/fizkiarditiakusuma/.m2/repository/com/codeborne/phantomjsdriver/1.4.4/phantomjsdriver-1.4.4.jar:/Users/fizkiarditiakusuma/.m2/repository/io/appium/java-client/7.5.1/java-client-7.5.1.jar:/Users/fizkiarditiakusuma/.m2/repository/commons-validator/commons-validator/1.7/commons-validator-1.7.jar:/Users/fizkiarditiakusuma/.m2/repository/commons-digester/commons-digester/2.1/commons-digester-2.1.jar:/Users/fizkiarditiakusuma/.m2/repository/org/aspectj/aspectjweaver/1.9.6/aspectjweaver-1.9.6.jar:/Users/fizkiarditiakusuma/.m2/repository/net/sf/opencsv/opencsv/2.0/opencsv-2.0.jar:/Users/fizkiarditiakusuma/.m2/repository/commons-beanutils/commons-beanutils/1.9.4/commons-beanutils-1.9.4.jar:/Users/fizkiarditiakusuma/.m2/repository/org/apache/commons/commons-lang3/3.11/commons-lang3-3.11.jar:/Users/fizkiarditiakusuma/.m2/repository/commons-collections/commons-collections/3.2.2/commons-collections-3.2.2.jar:/Users/fizkiarditiakusuma/.m2/repository/org/fluentlenium/fluentlenium-core/0.10.2/fluentlenium-core-0.10.2.jar:/Users/fizkiarditiakusuma/.m2/repository/io/github/bonigarcia/webdrivermanager/4.4.1/webdrivermanager-4.4.1.jar:/Users/fizkiarditiakusuma/.m2/repository/org/apache/httpcomponents/client5/httpclient5/5.0.3/httpclient5-5.0.3.jar:/Users/fizkiarditiakusuma/.m2/repository/org/apache/httpcomponents/core5/httpcore5/5.0.2/httpcore5-5.0.2.jar:/Users/fizkiarditiakusuma/.m2/repository/org/apache/httpcomponents/core5/httpcore5-h2/5.0.2/httpcore5-h2-5.0.2.jar:/Users/fizkiarditiakusuma/.m2/repository/org/rauschig/jarchivelib/1.1.0/jarchivelib-1.1.0.jar:/Users/fizkiarditiakusuma/.m2/repository/org/apache/commons/commons-compress/1.20/commons-compress-1.20.jar:/Users/fizkiarditiakusuma/.m2/repository/com/jhlabs/filters/2.0.235/filters-2.0.235.jar:/Users/fizkiarditiakusuma/.m2/repository/com/paulhammant/ngwebdriver/1.1.5/ngwebdriver-1.1.5.jar:/Users/fizkiarditiakusuma/.m2/repository/joda-time/joda-time/2.8.2/joda-time-2.8.2.jar:/Users/fizkiarditiakusuma/.m2/repository/com/google/jimfs/jimfs/1.1/jimfs-1.1.jar:/Users/fizkiarditiakusuma/.m2/repository/org/mockito/mockito-core/3.3.3/mockito-core-3.3.3.jar:/Users/fizkiarditiakusuma/.m2/repository/javax/xml/bind/jaxb-api/2.3.1/jaxb-api-2.3.1.jar:/Users/fizkiarditiakusuma/.m2/repository/javax/activation/javax.activation-api/1.2.0/javax.activation-api-1.2.0.jar:/Users/fizkiarditiakusuma/.m2/repository/com/sun/xml/bind/jaxb-core/2.3.0.1/jaxb-core-2.3.0.1.jar:/Users/fizkiarditiakusuma/.m2/repository/com/sun/xml/bind/jaxb-impl/2.3.3/jaxb-impl-2.3.3.jar:/Users/fizkiarditiakusuma/.m2/repository/com/sun/activation/jakarta.activation/1.2.2/jakarta.activation-1.2.2.jar:/Users/fizkiarditiakusuma/.m2/repository/javax/activation/activation/1.1.1/activation-1.1.1.jar:/Users/fizkiarditiakusuma/.m2/repository/net/serenity-bdd/serenity-junit/2.4.51/serenity-junit-2.4.51.jar:/Users/fizkiarditiakusuma/.m2/repository/net/serenity-bdd/serenity-rest-assured/2.4.51/serenity-rest-assured-2.4.51.jar:/Users/fizkiarditiakusuma/.m2/repository/org/codehaus/groovy/groovy-json/3.0.8/groovy-json-3.0.8.jar:/Users/fizkiarditiakusuma/.m2/repository/org/opentest4j/opentest4j/1.2.0/opentest4j-1.2.0.jar:/Users/fizkiarditiakusuma/.m2/repository/net/serenity-bdd/serenity-screenplay/2.4.51/serenity-screenplay-2.4.51.jar:/Users/fizkiarditiakusuma/.m2/repository/net/serenity-bdd/serenity-screenplay-rest/2.4.51/serenity-screenplay-rest-2.4.51.jar:/Users/fizkiarditiakusuma/.m2/repository/net/serenity-bdd/serenity-cucumber6/2.4.51/serenity-cucumber6-2.4.51.jar:/Users/fizkiarditiakusuma/.m2/repository/net/serenity-bdd/serenity-screenplay-webdriver/2.4.51/serenity-screenplay-webdriver-2.4.51.jar:/Users/fizkiarditiakusuma/.m2/repository/io/cucumber/cucumber-java/6.10.4/cucumber-java-6.10.4.jar:/Users/fizkiarditiakusuma/.m2/repository/org/apiguardian/apiguardian-api/1.1.1/apiguardian-api-1.1.1.jar:/Users/fizkiarditiakusuma/.m2/repository/io/cucumber/cucumber-junit/6.10.4/cucumber-junit-6.10.4.jar:/Users/fizkiarditiakusuma/.m2/repository/io/cucumber/datatable-matchers/3.4.0/datatable-matchers-3.4.0.jar:/Users/fizkiarditiakusuma/.m2/repository/io/cucumber/datatable/3.4.0/datatable-3.4.0.jar:/Users/fizkiarditiakusuma/.m2/repository/commons-logging/commons-logging/1.2/commons-logging-1.2.jar:/Users/fizkiarditiakusuma/.m2/repository/org/apache/commons/commons-csv/1.5/commons-csv-1.5.jar:/Users/fizkiarditiakusuma/.m2/repository/io/rest-assured/rest-assured/4.3.2/rest-assured-4.3.2.jar:/Users/fizkiarditiakusuma/.m2/repository/org/apache/httpcomponents/httpclient/4.5.3/httpclient-4.5.3.jar:/Users/fizkiarditiakusuma/.m2/repository/org/apache/httpcomponents/httpcore/4.4.6/httpcore-4.4.6.jar:/Users/fizkiarditiakusuma/.m2/repository/org/apache/httpcomponents/httpmime/4.5.3/httpmime-4.5.3.jar:/Users/fizkiarditiakusuma/.m2/repository/org/ccil/cowan/tagsoup/tagsoup/1.2.1/tagsoup-1.2.1.jar:/Users/fizkiarditiakusuma/.m2/repository/io/rest-assured/json-path/4.3.3/json-path-4.3.3.jar:/Users/fizkiarditiakusuma/.m2/repository/io/rest-assured/rest-assured-common/4.3.3/rest-assured-common-4.3.3.jar:/Users/fizkiarditiakusuma/.m2/repository/io/rest-assured/xml-path/4.3.3/xml-path-4.3.3.jar:/Users/fizkiarditiakusuma/.m2/repository/jakarta/xml/bind/jakarta.xml.bind-api/2.3.3/jakarta.xml.bind-api-2.3.3.jar:/Users/fizkiarditiakusuma/.m2/repository/jakarta/activation/jakarta.activation-api/1.2.2/jakarta.activation-api-1.2.2.jar:/Users/fizkiarditiakusuma/.m2/repository/org/codehaus/groovy/groovy/3.0.6/groovy-3.0.6.jar:/Users/fizkiarditiakusuma/.m2/repository/org/codehaus/groovy/groovy-xml/3.0.6/groovy-xml-3.0.6.jar:/Users/fizkiarditiakusuma/.m2/repository/junit/junit/4.13.1/junit-4.13.1.jar:/Users/fizkiarditiakusuma/.m2/repository/org/hamcrest/hamcrest-core/1.3/hamcrest-core-1.3.jar:/Users/fizkiarditiakusuma/.m2/repository/org/assertj/assertj-core/3.6.2/assertj-core-3.6.2.jar:/Users/fizkiarditiakusuma/.m2/repository/org/hamcrest/hamcrest/2.2/hamcrest-2.2.jar:/Users/fizkiarditiakusuma/.m2/repository/io/rest-assured/json-schema-validator/5.2.0/json-schema-validator-5.2.0.jar:/Users/fizkiarditiakusuma/.m2/repository/com/github/java-json-tools/json-schema-validator/2.2.14/json-schema-validator-2.2.14.jar:/Users/fizkiarditiakusuma/.m2/repository/com/github/java-json-tools/jackson-coreutils-equivalence/1.0/jackson-coreutils-equivalence-1.0.jar:/Users/fizkiarditiakusuma/.m2/repository/com/github/java-json-tools/jackson-coreutils/2.0/jackson-coreutils-2.0.jar:/Users/fizkiarditiakusuma/.m2/repository/com/github/java-json-tools/msg-simple/1.2/msg-simple-1.2.jar:/Users/fizkiarditiakusuma/.m2/repository/com/github/java-json-tools/btf/1.3/btf-1.3.jar:/Users/fizkiarditiakusuma/.m2/repository/com/github/java-json-tools/json-schema-core/1.2.14/json-schema-core-1.2.14.jar:/Users/fizkiarditiakusuma/.m2/repository/com/github/java-json-tools/uri-template/0.10/uri-template-0.10.jar:/Users/fizkiarditiakusuma/.m2/repository/org/mozilla/rhino/1.7.7.2/rhino-1.7.7.2.jar:/Users/fizkiarditiakusuma/.m2/repository/com/sun/mail/mailapi/1.6.2/mailapi-1.6.2.jar:/Users/fizkiarditiakusuma/.m2/repository/com/googlecode/libphonenumber/libphonenumber/8.11.1/libphonenumber-8.11.1.jar:/Users/fizkiarditiakusuma/.m2/repository/com/google/code/findbugs/jsr305/3.0.2/jsr305-3.0.2.jar:/Users/fizkiarditiakusuma/.m2/repository/net/sf/jopt-simple/jopt-simple/5.0.4/jopt-simple-5.0.4.jar:"/>
    <property name="java.vm.vendor" value="Eclipse Adoptium"/>
    <property name="sun.arch.data.model" value="64"/>
    <property name="java.vendor.url" value="https://adoptium.net/"/>
    <property name="user.timezone" value="Asia/Jakarta"/>
    <property name="os.name" value="Mac OS X"/>
    <property name="java.vm.specification.version" value="17"/>
    <property name="sun.java.launcher" value="SUN_STANDARD"/>
    <property name="user.country" value="ID"/>
    <property name="sun.boot.library.path" value="/Library/Java/JavaVirtualMachines/temurin-17.jdk/Contents/Home/lib"/>
    <property name="sun.java.command" value="org.apache.maven.surefire.booter.ForkedBooter /Users/fizkiarditiakusuma/Documents/Nastha_Group/recruitment_nashta_API/target/surefire 2024-01-26T16-12-59_863-jvmRun1 surefire14491985609791149842tmp surefire_017944118238130209817tmp"/>
    <property name="http.nonProxyHosts" value="local|*.local|169.254/16|*.169.254/16"/>
    <property name="jdk.debug" value="release"/>
    <property name="surefire.test.class.path" value="/Users/fizkiarditiakusuma/Documents/Nastha_Group/recruitment_nashta_API/target/test-classes:/Users/fizkiarditiakusuma/.m2/repository/ch/qos/logback/logback-classic/1.2.3/logback-classic-1.2.3.jar:/Users/fizkiarditiakusuma/.m2/repository/ch/qos/logback/logback-core/1.2.3/logback-core-1.2.3.jar:/Users/fizkiarditiakusuma/.m2/repository/org/slf4j/slf4j-api/1.7.25/slf4j-api-1.7.25.jar:/Users/fizkiarditiakusuma/.m2/repository/net/serenity-bdd/serenity-core/2.4.51/serenity-core-2.4.51.jar:/Users/fizkiarditiakusuma/.m2/repository/net/serenity-bdd/serenity-model/2.4.51/serenity-model-2.4.51.jar:/Users/fizkiarditiakusuma/.m2/repository/org/apache/commons/commons-text/1.9/commons-text-1.9.jar:/Users/fizkiarditiakusuma/.m2/repository/commons-net/commons-net/3.6/commons-net-3.6.jar:/Users/fizkiarditiakusuma/.m2/repository/com/google/guava/guava/30.1-jre/guava-30.1-jre.jar:/Users/fizkiarditiakusuma/.m2/repository/com/google/guava/failureaccess/1.0.1/failureaccess-1.0.1.jar:/Users/fizkiarditiakusuma/.m2/repository/com/google/guava/listenablefuture/9999.0-empty-to-avoid-conflict-with-guava/listenablefuture-9999.0-empty-to-avoid-conflict-with-guava.jar:/Users/fizkiarditiakusuma/.m2/repository/org/checkerframework/checker-qual/3.5.0/checker-qual-3.5.0.jar:/Users/fizkiarditiakusuma/.m2/repository/com/google/errorprone/error_prone_annotations/2.3.4/error_prone_annotations-2.3.4.jar:/Users/fizkiarditiakusuma/.m2/repository/com/google/j2objc/j2objc-annotations/1.3/j2objc-annotations-1.3.jar:/Users/fizkiarditiakusuma/.m2/repository/com/google/inject/guice/5.0.1/guice-5.0.1.jar:/Users/fizkiarditiakusuma/.m2/repository/javax/inject/javax.inject/1/javax.inject-1.jar:/Users/fizkiarditiakusuma/.m2/repository/aopalliance/aopalliance/1.0/aopalliance-1.0.jar:/Users/fizkiarditiakusuma/.m2/repository/org/jsoup/jsoup/1.13.1/jsoup-1.13.1.jar:/Users/fizkiarditiakusuma/.m2/repository/com/thoughtworks/xstream/xstream/1.4.17/xstream-1.4.17.jar:/Users/fizkiarditiakusuma/.m2/repository/io/github/x-stream/mxparser/1.2.1/mxparser-1.2.1.jar:/Users/fizkiarditiakusuma/.m2/repository/xmlpull/xmlpull/1.1.3.1/xmlpull-1.1.3.1.jar:/Users/fizkiarditiakusuma/.m2/repository/io/cucumber/cucumber-core/6.10.2/cucumber-core-6.10.2.jar:/Users/fizkiarditiakusuma/.m2/repository/io/cucumber/cucumber-gherkin/6.10.2/cucumber-gherkin-6.10.2.jar:/Users/fizkiarditiakusuma/.m2/repository/io/cucumber/cucumber-gherkin-messages/6.10.2/cucumber-gherkin-messages-6.10.2.jar:/Users/fizkiarditiakusuma/.m2/repository/io/cucumber/messages/14.0.1/messages-14.0.1.jar:/Users/fizkiarditiakusuma/.m2/repository/io/cucumber/tag-expressions/3.0.0/tag-expressions-3.0.0.jar:/Users/fizkiarditiakusuma/.m2/repository/io/cucumber/cucumber-expressions/10.3.0/cucumber-expressions-10.3.0.jar:/Users/fizkiarditiakusuma/.m2/repository/io/cucumber/cucumber-plugin/6.10.2/cucumber-plugin-6.10.2.jar:/Users/fizkiarditiakusuma/.m2/repository/io/cucumber/docstring/6.10.2/docstring-6.10.2.jar:/Users/fizkiarditiakusuma/.m2/repository/io/cucumber/html-formatter/12.0.0/html-formatter-12.0.0.jar:/Users/fizkiarditiakusuma/.m2/repository/io/cucumber/create-meta/3.0.0/create-meta-3.0.0.jar:/Users/fizkiarditiakusuma/.m2/repository/com/typesafe/config/1.3.1/config-1.3.1.jar:/Users/fizkiarditiakusuma/.m2/repository/org/imgscalr/imgscalr-lib/4.2/imgscalr-lib-4.2.jar:/Users/fizkiarditiakusuma/.m2/repository/org/awaitility/awaitility/4.0.3/awaitility-4.0.3.jar:/Users/fizkiarditiakusuma/.m2/repository/org/freemarker/freemarker/2.3.29/freemarker-2.3.29.jar:/Users/fizkiarditiakusuma/.m2/repository/net/sourceforge/jexcelapi/jxl/2.6.12/jxl-2.6.12.jar:/Users/fizkiarditiakusuma/.m2/repository/org/asciidoctor/asciidoctorj/2.5.1/asciidoctorj-2.5.1.jar:/Users/fizkiarditiakusuma/.m2/repository/org/asciidoctor/asciidoctorj-api/2.5.1/asciidoctorj-api-2.5.1.jar:/Users/fizkiarditiakusuma/.m2/repository/org/jruby/jruby/9.2.17.0/jruby-9.2.17.0.jar:/Users/fizkiarditiakusuma/.m2/repository/org/jruby/jruby-core/9.2.17.0/jruby-core-9.2.17.0.jar:/Users/fizkiarditiakusuma/.m2/repository/com/github/jnr/jnr-netdb/1.2.0/jnr-netdb-1.2.0.jar:/Users/fizkiarditiakusuma/.m2/repository/com/github/jnr/jnr-enxio/0.32.3/jnr-enxio-0.32.3.jar:/Users/fizkiarditiakusuma/.m2/repository/com/github/jnr/jnr-unixsocket/0.38.5/jnr-unixsocket-0.38.5.jar:/Users/fizkiarditiakusuma/.m2/repository/com/github/jnr/jnr-posix/3.1.4/jnr-posix-3.1.4.jar:/Users/fizkiarditiakusuma/.m2/repository/com/github/jnr/jnr-constants/0.10.1/jnr-constants-0.10.1.jar:/Users/fizkiarditiakusuma/.m2/repository/com/github/jnr/jffi/1.3.1/jffi-1.3.1.jar:/Users/fizkiarditiakusuma/.m2/repository/com/github/jnr/jffi/1.3.1/jffi-1.3.1-native.jar:/Users/fizkiarditiakusuma/.m2/repository/org/jruby/joni/joni/2.1.31/joni-2.1.31.jar:/Users/fizkiarditiakusuma/.m2/repository/org/jruby/jcodings/jcodings/1.0.46/jcodings-1.0.46.jar:/Users/fizkiarditiakusuma/.m2/repository/org/jruby/dirgra/0.3/dirgra-0.3.jar:/Users/fizkiarditiakusuma/.m2/repository/com/headius/invokebinder/1.11/invokebinder-1.11.jar:/Users/fizkiarditiakusuma/.m2/repository/com/headius/options/1.4/options-1.4.jar:/Users/fizkiarditiakusuma/.m2/repository/com/jcraft/jzlib/1.1.3/jzlib-1.1.3.jar:/Users/fizkiarditiakusuma/.m2/repository/com/martiansoftware/nailgun-server/0.9.1/nailgun-server-0.9.1.jar:/Users/fizkiarditiakusuma/.m2/repository/com/headius/backport9/1.8/backport9-1.8.jar:/Users/fizkiarditiakusuma/.m2/repository/javax/annotation/javax.annotation-api/1.3.1/javax.annotation-api-1.3.1.jar:/Users/fizkiarditiakusuma/.m2/repository/org/jruby/jruby-stdlib/9.2.17.0/jruby-stdlib-9.2.17.0.jar:/Users/fizkiarditiakusuma/.m2/repository/net/bytebuddy/byte-buddy/1.11.1/byte-buddy-1.11.1.jar:/Users/fizkiarditiakusuma/.m2/repository/net/bytebuddy/byte-buddy-agent/1.11.1/byte-buddy-agent-1.11.1.jar:/Users/fizkiarditiakusuma/.m2/repository/org/objenesis/objenesis/3.1/objenesis-3.1.jar:/Users/fizkiarditiakusuma/.m2/repository/net/serenity-bdd/serenity-reports/2.4.51/serenity-reports-2.4.51.jar:/Users/fizkiarditiakusuma/.m2/repository/net/serenity-bdd/serenity-stats/2.4.51/serenity-stats-2.4.51.jar:/Users/fizkiarditiakusuma/.m2/repository/org/jetbrains/kotlin/kotlin-stdlib/1.5.0/kotlin-stdlib-1.5.0.jar:/Users/fizkiarditiakusuma/.m2/repository/org/jetbrains/annotations/13.0/annotations-13.0.jar:/Users/fizkiarditiakusuma/.m2/repository/org/jetbrains/kotlin/kotlin-stdlib-common/1.5.0/kotlin-stdlib-common-1.5.0.jar:/Users/fizkiarditiakusuma/.m2/repository/net/serenity-bdd/serenity-reports-configuration/2.4.51/serenity-reports-configuration-2.4.51.jar:/Users/fizkiarditiakusuma/.m2/repository/com/vladsch/flexmark/flexmark-all/0.34.30/flexmark-all-0.34.30.jar:/Users/fizkiarditiakusuma/.m2/repository/com/vladsch/flexmark/flexmark/0.34.30/flexmark-0.34.30.jar:/Users/fizkiarditiakusuma/.m2/repository/com/vladsch/flexmark/flexmark-ext-abbreviation/0.34.30/flexmark-ext-abbreviation-0.34.30.jar:/Users/fizkiarditiakusuma/.m2/repository/com/vladsch/flexmark/flexmark-ext-admonition/0.34.30/flexmark-ext-admonition-0.34.30.jar:/Users/fizkiarditiakusuma/.m2/repository/com/vladsch/flexmark/flexmark-ext-anchorlink/0.34.30/flexmark-ext-anchorlink-0.34.30.jar:/Users/fizkiarditiakusuma/.m2/repository/com/vladsch/flexmark/flexmark-ext-aside/0.34.30/flexmark-ext-aside-0.34.30.jar:/Users/fizkiarditiakusuma/.m2/repository/com/vladsch/flexmark/flexmark-ext-attributes/0.34.30/flexmark-ext-attributes-0.34.30.jar:/Users/fizkiarditiakusuma/.m2/repository/com/vladsch/flexmark/flexmark-ext-autolink/0.34.30/flexmark-ext-autolink-0.34.30.jar:/Users/fizkiarditiakusuma/.m2/repository/org/nibor/autolink/autolink/0.6.0/autolink-0.6.0.jar:/Users/fizkiarditiakusuma/.m2/repository/com/vladsch/flexmark/flexmark-ext-definition/0.34.30/flexmark-ext-definition-0.34.30.jar:/Users/fizkiarditiakusuma/.m2/repository/com/vladsch/flexmark/flexmark-ext-emoji/0.34.30/flexmark-ext-emoji-0.34.30.jar:/Users/fizkiarditiakusuma/.m2/repository/com/vladsch/flexmark/flexmark-ext-enumerated-reference/0.34.30/flexmark-ext-enumerated-reference-0.34.30.jar:/Users/fizkiarditiakusuma/.m2/repository/com/vladsch/flexmark/flexmark-ext-escaped-character/0.34.30/flexmark-ext-escaped-character-0.34.30.jar:/Users/fizkiarditiakusuma/.m2/repository/com/vladsch/flexmark/flexmark-ext-footnotes/0.34.30/flexmark-ext-footnotes-0.34.30.jar:/Users/fizkiarditiakusuma/.m2/repository/com/vladsch/flexmark/flexmark-ext-gfm-issues/0.34.30/flexmark-ext-gfm-issues-0.34.30.jar:/Users/fizkiarditiakusuma/.m2/repository/com/vladsch/flexmark/flexmark-ext-gfm-strikethrough/0.34.30/flexmark-ext-gfm-strikethrough-0.34.30.jar:/Users/fizkiarditiakusuma/.m2/repository/com/vladsch/flexmark/flexmark-ext-gfm-tables/0.34.30/flexmark-ext-gfm-tables-0.34.30.jar:/Users/fizkiarditiakusuma/.m2/repository/com/vladsch/flexmark/flexmark-ext-gfm-tasklist/0.34.30/flexmark-ext-gfm-tasklist-0.34.30.jar:/Users/fizkiarditiakusuma/.m2/repository/com/vladsch/flexmark/flexmark-ext-gfm-users/0.34.30/flexmark-ext-gfm-users-0.34.30.jar:/Users/fizkiarditiakusuma/.m2/repository/com/vladsch/flexmark/flexmark-ext-gitlab/0.34.30/flexmark-ext-gitlab-0.34.30.jar:/Users/fizkiarditiakusuma/.m2/repository/com/vladsch/flexmark/flexmark-ext-jekyll-front-matter/0.34.30/flexmark-ext-jekyll-front-matter-0.34.30.jar:/Users/fizkiarditiakusuma/.m2/repository/com/vladsch/flexmark/flexmark-ext-jekyll-tag/0.34.30/flexmark-ext-jekyll-tag-0.34.30.jar:/Users/fizkiarditiakusuma/.m2/repository/com/vladsch/flexmark/flexmark-ext-media-tags/0.34.30/flexmark-ext-media-tags-0.34.30.jar:/Users/fizkiarditiakusuma/.m2/repository/com/vladsch/flexmark/flexmark-test-util/0.34.30/flexmark-test-util-0.34.30.jar:/Users/fizkiarditiakusuma/.m2/repository/com/vladsch/flexmark/flexmark-ext-ins/0.34.30/flexmark-ext-ins-0.34.30.jar:/Users/fizkiarditiakusuma/.m2/repository/com/vladsch/flexmark/flexmark-ext-xwiki-macros/0.34.30/flexmark-ext-xwiki-macros-0.34.30.jar:/Users/fizkiarditiakusuma/.m2/repository/com/vladsch/flexmark/flexmark-ext-superscript/0.34.30/flexmark-ext-superscript-0.34.30.jar:/Users/fizkiarditiakusuma/.m2/repository/com/vladsch/flexmark/flexmark-ext-tables/0.34.30/flexmark-ext-tables-0.34.30.jar:/Users/fizkiarditiakusuma/.m2/repository/com/vladsch/flexmark/flexmark-ext-toc/0.34.30/flexmark-ext-toc-0.34.30.jar:/Users/fizkiarditiakusuma/.m2/repository/com/vladsch/flexmark/flexmark-ext-typographic/0.34.30/flexmark-ext-typographic-0.34.30.jar:/Users/fizkiarditiakusuma/.m2/repository/com/vladsch/flexmark/flexmark-ext-wikilink/0.34.30/flexmark-ext-wikilink-0.34.30.jar:/Users/fizkiarditiakusuma/.m2/repository/com/vladsch/flexmark/flexmark-ext-yaml-front-matter/0.34.30/flexmark-ext-yaml-front-matter-0.34.30.jar:/Users/fizkiarditiakusuma/.m2/repository/com/vladsch/flexmark/flexmark-ext-youtube-embedded/0.34.30/flexmark-ext-youtube-embedded-0.34.30.jar:/Users/fizkiarditiakusuma/.m2/repository/com/vladsch/flexmark/flexmark-formatter/0.34.30/flexmark-formatter-0.34.30.jar:/Users/fizkiarditiakusuma/.m2/repository/com/vladsch/flexmark/flexmark-html-parser/0.34.30/flexmark-html-parser-0.34.30.jar:/Users/fizkiarditiakusuma/.m2/repository/com/vladsch/flexmark/flexmark-jira-converter/0.34.30/flexmark-jira-converter-0.34.30.jar:/Users/fizkiarditiakusuma/.m2/repository/com/vladsch/flexmark/flexmark-pdf-converter/0.34.30/flexmark-pdf-converter-0.34.30.jar:/Users/fizkiarditiakusuma/.m2/repository/com/openhtmltopdf/openhtmltopdf-core/0.0.1-RC13/openhtmltopdf-core-0.0.1-RC13.jar:/Users/fizkiarditiakusuma/.m2/repository/com/openhtmltopdf/openhtmltopdf-pdfbox/0.0.1-RC13/openhtmltopdf-pdfbox-0.0.1-RC13.jar:/Users/fizkiarditiakusuma/.m2/repository/org/apache/pdfbox/pdfbox/2.0.8/pdfbox-2.0.8.jar:/Users/fizkiarditiakusuma/.m2/repository/org/apache/pdfbox/fontbox/2.0.8/fontbox-2.0.8.jar:/Users/fizkiarditiakusuma/.m2/repository/org/apache/pdfbox/xmpbox/2.0.8/xmpbox-2.0.8.jar:/Users/fizkiarditiakusuma/.m2/repository/de/rototor/pdfbox/graphics2d/0.12/graphics2d-0.12.jar:/Users/fizkiarditiakusuma/.m2/repository/com/openhtmltopdf/openhtmltopdf-rtl-support/0.0.1-RC13/openhtmltopdf-rtl-support-0.0.1-RC13.jar:/Users/fizkiarditiakusuma/.m2/repository/com/ibm/icu/icu4j/59.1/icu4j-59.1.jar:/Users/fizkiarditiakusuma/.m2/repository/com/openhtmltopdf/openhtmltopdf-jsoup-dom-converter/0.0.1-RC13/openhtmltopdf-jsoup-dom-converter-0.0.1-RC13.jar:/Users/fizkiarditiakusuma/.m2/repository/com/vladsch/flexmark/flexmark-profile-pegdown/0.34.30/flexmark-profile-pegdown-0.34.30.jar:/Users/fizkiarditiakusuma/.m2/repository/com/vladsch/flexmark/flexmark-util/0.34.30/flexmark-util-0.34.30.jar:/Users/fizkiarditiakusuma/.m2/repository/com/vladsch/flexmark/flexmark-youtrack-converter/0.34.30/flexmark-youtrack-converter-0.34.30.jar:/Users/fizkiarditiakusuma/.m2/repository/es/nitaur/markdown/txtmark/0.16/txtmark-0.16.jar:/Users/fizkiarditiakusuma/.m2/repository/net/serenity-bdd/serenity-report-resources/2.4.51/serenity-report-resources-2.4.51.jar:/Users/fizkiarditiakusuma/.m2/repository/com/google/code/gson/gson/2.8.7/gson-2.8.7.jar:/Users/fizkiarditiakusuma/.m2/repository/com/fasterxml/jackson/core/jackson-core/2.12.4/jackson-core-2.12.4.jar:/Users/fizkiarditiakusuma/.m2/repository/com/fasterxml/jackson/core/jackson-databind/2.12.4/jackson-databind-2.12.4.jar:/Users/fizkiarditiakusuma/.m2/repository/com/fasterxml/jackson/core/jackson-annotations/2.12.4/jackson-annotations-2.12.4.jar:/Users/fizkiarditiakusuma/.m2/repository/commons-codec/commons-codec/1.15/commons-codec-1.15.jar:/Users/fizkiarditiakusuma/.m2/repository/commons-io/commons-io/2.8.0/commons-io-2.8.0.jar:/Users/fizkiarditiakusuma/.m2/repository/org/seleniumhq/selenium/selenium-server/3.141.59/selenium-server-3.141.59.jar:/Users/fizkiarditiakusuma/.m2/repository/org/seleniumhq/selenium/selenium-opera-driver/3.141.59/selenium-opera-driver-3.141.59.jar:/Users/fizkiarditiakusuma/.m2/repository/org/seleniumhq/selenium/selenium-remote-driver/3.141.59/selenium-remote-driver-3.141.59.jar:/Users/fizkiarditiakusuma/.m2/repository/org/seleniumhq/selenium/selenium-safari-driver/3.141.59/selenium-safari-driver-3.141.59.jar:/Users/fizkiarditiakusuma/.m2/repository/com/beust/jcommander/1.72/jcommander-1.72.jar:/Users/fizkiarditiakusuma/.m2/repository/org/apache/commons/commons-exec/1.3/commons-exec-1.3.jar:/Users/fizkiarditiakusuma/.m2/repository/net/jcip/jcip-annotations/1.0/jcip-annotations-1.0.jar:/Users/fizkiarditiakusuma/.m2/repository/org/seleniumhq/selenium/jetty-repacked/9.4.12.v20180830/jetty-repacked-9.4.12.v20180830.jar:/Users/fizkiarditiakusuma/.m2/repository/com/squareup/okhttp3/okhttp/3.11.0/okhttp-3.11.0.jar:/Users/fizkiarditiakusuma/.m2/repository/com/squareup/okio/okio/1.14.0/okio-1.14.0.jar:/Users/fizkiarditiakusuma/.m2/repository/javax/servlet/javax.servlet-api/3.1.0/javax.servlet-api-3.1.0.jar:/Users/fizkiarditiakusuma/.m2/repository/org/yaml/snakeyaml/1.19/snakeyaml-1.19.jar:/Users/fizkiarditiakusuma/.m2/repository/org/seleniumhq/selenium/selenium-java/3.141.59/selenium-java-3.141.59.jar:/Users/fizkiarditiakusuma/.m2/repository/org/seleniumhq/selenium/selenium-api/3.141.59/selenium-api-3.141.59.jar:/Users/fizkiarditiakusuma/.m2/repository/org/seleniumhq/selenium/selenium-support/3.141.59/selenium-support-3.141.59.jar:/Users/fizkiarditiakusuma/.m2/repository/org/seleniumhq/selenium/selenium-chrome-driver/3.141.59/selenium-chrome-driver-3.141.59.jar:/Users/fizkiarditiakusuma/.m2/repository/org/seleniumhq/selenium/selenium-firefox-driver/3.141.59/selenium-firefox-driver-3.141.59.jar:/Users/fizkiarditiakusuma/.m2/repository/org/seleniumhq/selenium/selenium-edge-driver/3.141.59/selenium-edge-driver-3.141.59.jar:/Users/fizkiarditiakusuma/.m2/repository/org/seleniumhq/selenium/selenium-ie-driver/3.141.59/selenium-ie-driver-3.141.59.jar:/Users/fizkiarditiakusuma/.m2/repository/net/sourceforge/htmlunit/htmlunit/2.47.1/htmlunit-2.47.1.jar:/Users/fizkiarditiakusuma/.m2/repository/xalan/xalan/2.7.2/xalan-2.7.2.jar:/Users/fizkiarditiakusuma/.m2/repository/xalan/serializer/2.7.2/serializer-2.7.2.jar:/Users/fizkiarditiakusuma/.m2/repository/net/sourceforge/htmlunit/htmlunit-core-js/2.47.0/htmlunit-core-js-2.47.0.jar:/Users/fizkiarditiakusuma/.m2/repository/net/sourceforge/htmlunit/neko-htmlunit/2.47.1/neko-htmlunit-2.47.1.jar:/Users/fizkiarditiakusuma/.m2/repository/xerces/xercesImpl/2.12.0/xercesImpl-2.12.0.jar:/Users/fizkiarditiakusuma/.m2/repository/xml-apis/xml-apis/1.4.01/xml-apis-1.4.01.jar:/Users/fizkiarditiakusuma/.m2/repository/net/sourceforge/htmlunit/htmlunit-cssparser/1.7.0/htmlunit-cssparser-1.7.0.jar:/Users/fizkiarditiakusuma/.m2/repository/org/brotli/dec/0.1.2/dec-0.1.2.jar:/Users/fizkiarditiakusuma/.m2/repository/com/shapesecurity/salvation2/3.0.0/salvation2-3.0.0.jar:/Users/fizkiarditiakusuma/.m2/repository/org/eclipse/jetty/websocket/websocket-client/9.4.36.v20210114/websocket-client-9.4.36.v20210114.jar:/Users/fizkiarditiakusuma/.m2/repository/org/eclipse/jetty/jetty-client/9.4.36.v20210114/jetty-client-9.4.36.v20210114.jar:/Users/fizkiarditiakusuma/.m2/repository/org/eclipse/jetty/jetty-http/9.4.36.v20210114/jetty-http-9.4.36.v20210114.jar:/Users/fizkiarditiakusuma/.m2/repository/org/eclipse/jetty/jetty-util/9.4.36.v20210114/jetty-util-9.4.36.v20210114.jar:/Users/fizkiarditiakusuma/.m2/repository/org/eclipse/jetty/jetty-io/9.4.36.v20210114/jetty-io-9.4.36.v20210114.jar:/Users/fizkiarditiakusuma/.m2/repository/org/eclipse/jetty/websocket/websocket-common/9.4.36.v20210114/websocket-common-9.4.36.v20210114.jar:/Users/fizkiarditiakusuma/.m2/repository/org/eclipse/jetty/websocket/websocket-api/9.4.36.v20210114/websocket-api-9.4.36.v20210114.jar:/Users/fizkiarditiakusuma/.m2/repository/org/projectlombok/lombok/1.18.20/lombok-1.18.20.jar:/Users/fizkiarditiakusuma/.m2/repository/org/seleniumhq/selenium/htmlunit-driver/2.47.1/htmlunit-driver-2.47.1.jar:/Users/fizkiarditiakusuma/.m2/repository/com/codeborne/phantomjsdriver/1.4.4/phantomjsdriver-1.4.4.jar:/Users/fizkiarditiakusuma/.m2/repository/io/appium/java-client/7.5.1/java-client-7.5.1.jar:/Users/fizkiarditiakusuma/.m2/repository/commons-validator/commons-validator/1.7/commons-validator-1.7.jar:/Users/fizkiarditiakusuma/.m2/repository/commons-digester/commons-digester/2.1/commons-digester-2.1.jar:/Users/fizkiarditiakusuma/.m2/repository/org/aspectj/aspectjweaver/1.9.6/aspectjweaver-1.9.6.jar:/Users/fizkiarditiakusuma/.m2/repository/net/sf/opencsv/opencsv/2.0/opencsv-2.0.jar:/Users/fizkiarditiakusuma/.m2/repository/commons-beanutils/commons-beanutils/1.9.4/commons-beanutils-1.9.4.jar:/Users/fizkiarditiakusuma/.m2/repository/org/apache/commons/commons-lang3/3.11/commons-lang3-3.11.jar:/Users/fizkiarditiakusuma/.m2/repository/commons-collections/commons-collections/3.2.2/commons-collections-3.2.2.jar:/Users/fizkiarditiakusuma/.m2/repository/org/fluentlenium/fluentlenium-core/0.10.2/fluentlenium-core-0.10.2.jar:/Users/fizkiarditiakusuma/.m2/repository/io/github/bonigarcia/webdrivermanager/4.4.1/webdrivermanager-4.4.1.jar:/Users/fizkiarditiakusuma/.m2/repository/org/apache/httpcomponents/client5/httpclient5/5.0.3/httpclient5-5.0.3.jar:/Users/fizkiarditiakusuma/.m2/repository/org/apache/httpcomponents/core5/httpcore5/5.0.2/httpcore5-5.0.2.jar:/Users/fizkiarditiakusuma/.m2/repository/org/apache/httpcomponents/core5/httpcore5-h2/5.0.2/httpcore5-h2-5.0.2.jar:/Users/fizkiarditiakusuma/.m2/repository/org/rauschig/jarchivelib/1.1.0/jarchivelib-1.1.0.jar:/Users/fizkiarditiakusuma/.m2/repository/org/apache/commons/commons-compress/1.20/commons-compress-1.20.jar:/Users/fizkiarditiakusuma/.m2/repository/com/jhlabs/filters/2.0.235/filters-2.0.235.jar:/Users/fizkiarditiakusuma/.m2/repository/com/paulhammant/ngwebdriver/1.1.5/ngwebdriver-1.1.5.jar:/Users/fizkiarditiakusuma/.m2/repository/joda-time/joda-time/2.8.2/joda-time-2.8.2.jar:/Users/fizkiarditiakusuma/.m2/repository/com/google/jimfs/jimfs/1.1/jimfs-1.1.jar:/Users/fizkiarditiakusuma/.m2/repository/org/mockito/mockito-core/3.3.3/mockito-core-3.3.3.jar:/Users/fizkiarditiakusuma/.m2/repository/javax/xml/bind/jaxb-api/2.3.1/jaxb-api-2.3.1.jar:/Users/fizkiarditiakusuma/.m2/repository/javax/activation/javax.activation-api/1.2.0/javax.activation-api-1.2.0.jar:/Users/fizkiarditiakusuma/.m2/repository/com/sun/xml/bind/jaxb-core/2.3.0.1/jaxb-core-2.3.0.1.jar:/Users/fizkiarditiakusuma/.m2/repository/com/sun/xml/bind/jaxb-impl/2.3.3/jaxb-impl-2.3.3.jar:/Users/fizkiarditiakusuma/.m2/repository/com/sun/activation/jakarta.activation/1.2.2/jakarta.activation-1.2.2.jar:/Users/fizkiarditiakusuma/.m2/repository/javax/activation/activation/1.1.1/activation-1.1.1.jar:/Users/fizkiarditiakusuma/.m2/repository/net/serenity-bdd/serenity-junit/2.4.51/serenity-junit-2.4.51.jar:/Users/fizkiarditiakusuma/.m2/repository/net/serenity-bdd/serenity-rest-assured/2.4.51/serenity-rest-assured-2.4.51.jar:/Users/fizkiarditiakusuma/.m2/repository/org/codehaus/groovy/groovy-json/3.0.8/groovy-json-3.0.8.jar:/Users/fizkiarditiakusuma/.m2/repository/org/opentest4j/opentest4j/1.2.0/opentest4j-1.2.0.jar:/Users/fizkiarditiakusuma/.m2/repository/net/serenity-bdd/serenity-screenplay/2.4.51/serenity-screenplay-2.4.51.jar:/Users/fizkiarditiakusuma/.m2/repository/net/serenity-bdd/serenity-screenplay-rest/2.4.51/serenity-screenplay-rest-2.4.51.jar:/Users/fizkiarditiakusuma/.m2/repository/net/serenity-bdd/serenity-cucumber6/2.4.51/serenity-cucumber6-2.4.51.jar:/Users/fizkiarditiakusuma/.m2/repository/net/serenity-bdd/serenity-screenplay-webdriver/2.4.51/serenity-screenplay-webdriver-2.4.51.jar:/Users/fizkiarditiakusuma/.m2/repository/io/cucumber/cucumber-java/6.10.4/cucumber-java-6.10.4.jar:/Users/fizkiarditiakusuma/.m2/repository/org/apiguardian/apiguardian-api/1.1.1/apiguardian-api-1.1.1.jar:/Users/fizkiarditiakusuma/.m2/repository/io/cucumber/cucumber-junit/6.10.4/cucumber-junit-6.10.4.jar:/Users/fizkiarditiakusuma/.m2/repository/io/cucumber/datatable-matchers/3.4.0/datatable-matchers-3.4.0.jar:/Users/fizkiarditiakusuma/.m2/repository/io/cucumber/datatable/3.4.0/datatable-3.4.0.jar:/Users/fizkiarditiakusuma/.m2/repository/commons-logging/commons-logging/1.2/commons-logging-1.2.jar:/Users/fizkiarditiakusuma/.m2/repository/org/apache/commons/commons-csv/1.5/commons-csv-1.5.jar:/Users/fizkiarditiakusuma/.m2/repository/io/rest-assured/rest-assured/4.3.2/rest-assured-4.3.2.jar:/Users/fizkiarditiakusuma/.m2/repository/org/apache/httpcomponents/httpclient/4.5.3/httpclient-4.5.3.jar:/Users/fizkiarditiakusuma/.m2/repository/org/apache/httpcomponents/httpcore/4.4.6/httpcore-4.4.6.jar:/Users/fizkiarditiakusuma/.m2/repository/org/apache/httpcomponents/httpmime/4.5.3/httpmime-4.5.3.jar:/Users/fizkiarditiakusuma/.m2/repository/org/ccil/cowan/tagsoup/tagsoup/1.2.1/tagsoup-1.2.1.jar:/Users/fizkiarditiakusuma/.m2/repository/io/rest-assured/json-path/4.3.3/json-path-4.3.3.jar:/Users/fizkiarditiakusuma/.m2/repository/io/rest-assured/rest-assured-common/4.3.3/rest-assured-common-4.3.3.jar:/Users/fizkiarditiakusuma/.m2/repository/io/rest-assured/xml-path/4.3.3/xml-path-4.3.3.jar:/Users/fizkiarditiakusuma/.m2/repository/jakarta/xml/bind/jakarta.xml.bind-api/2.3.3/jakarta.xml.bind-api-2.3.3.jar:/Users/fizkiarditiakusuma/.m2/repository/jakarta/activation/jakarta.activation-api/1.2.2/jakarta.activation-api-1.2.2.jar:/Users/fizkiarditiakusuma/.m2/repository/org/codehaus/groovy/groovy/3.0.6/groovy-3.0.6.jar:/Users/fizkiarditiakusuma/.m2/repository/org/codehaus/groovy/groovy-xml/3.0.6/groovy-xml-3.0.6.jar:/Users/fizkiarditiakusuma/.m2/repository/junit/junit/4.13.1/junit-4.13.1.jar:/Users/fizkiarditiakusuma/.m2/repository/org/hamcrest/hamcrest-core/1.3/hamcrest-core-1.3.jar:/Users/fizkiarditiakusuma/.m2/repository/org/assertj/assertj-core/3.6.2/assertj-core-3.6.2.jar:/Users/fizkiarditiakusuma/.m2/repository/org/hamcrest/hamcrest/2.2/hamcrest-2.2.jar:/Users/fizkiarditiakusuma/.m2/repository/io/rest-assured/json-schema-validator/5.2.0/json-schema-validator-5.2.0.jar:/Users/fizkiarditiakusuma/.m2/repository/com/github/java-json-tools/json-schema-validator/2.2.14/json-schema-validator-2.2.14.jar:/Users/fizkiarditiakusuma/.m2/repository/com/github/java-json-tools/jackson-coreutils-equivalence/1.0/jackson-coreutils-equivalence-1.0.jar:/Users/fizkiarditiakusuma/.m2/repository/com/github/java-json-tools/jackson-coreutils/2.0/jackson-coreutils-2.0.jar:/Users/fizkiarditiakusuma/.m2/repository/com/github/java-json-tools/msg-simple/1.2/msg-simple-1.2.jar:/Users/fizkiarditiakusuma/.m2/repository/com/github/java-json-tools/btf/1.3/btf-1.3.jar:/Users/fizkiarditiakusuma/.m2/repository/com/github/java-json-tools/json-schema-core/1.2.14/json-schema-core-1.2.14.jar:/Users/fizkiarditiakusuma/.m2/repository/com/github/java-json-tools/uri-template/0.10/uri-template-0.10.jar:/Users/fizkiarditiakusuma/.m2/repository/org/mozilla/rhino/1.7.7.2/rhino-1.7.7.2.jar:/Users/fizkiarditiakusuma/.m2/repository/com/sun/mail/mailapi/1.6.2/mailapi-1.6.2.jar:/Users/fizkiarditiakusuma/.m2/repository/com/googlecode/libphonenumber/libphonenumber/8.11.1/libphonenumber-8.11.1.jar:/Users/fizkiarditiakusuma/.m2/repository/com/google/code/findbugs/jsr305/3.0.2/jsr305-3.0.2.jar:/Users/fizkiarditiakusuma/.m2/repository/net/sf/jopt-simple/jopt-simple/5.0.4/jopt-simple-5.0.4.jar:"/>
    <property name="sun.cpu.endian" value="little"/>
    <property name="user.home" value="/Users/fizkiarditiakusuma"/>
    <property name="user.language" value="en"/>
    <property name="java.specification.vendor" value="Oracle Corporation"/>
    <property name="jdk.module.path" value="/Users/fizkiarditiakusuma/Documents/Nastha_Group/recruitment_nashta_API/target/serenity-rest-starter-1.0.0-SNAPSHOT.jar"/>
    <property name="java.version.date" value="2023-07-18"/>
    <property name="java.home" value="/Library/Java/JavaVirtualMachines/temurin-17.jdk/Contents/Home"/>
    <property name="file.separator" value="/"/>
    <property name="basedir" value="/Users/fizkiarditiakusuma/Documents/Nastha_Group/recruitment_nashta_API"/>
    <property name="java.vm.compressedOopsMode" value="Zero based"/>
    <property name="line.separator" value="&#10;"/>
    <property name="java.vm.specification.vendor" value="Oracle Corporation"/>
    <property name="java.specification.name" value="Java Platform API Specification"/>
    <property name="surefire.real.class.path" value="/Users/fizkiarditiakusuma/.m2/repository/org/apache/maven/surefire/surefire-booter/3.0.0-M5/surefire-booter-3.0.0-M5.jar:/Users/fizkiarditiakusuma/.m2/repository/org/apache/maven/surefire/surefire-api/3.0.0-M5/surefire-api-3.0.0-M5.jar:/Users/fizkiarditiakusuma/.m2/repository/org/apache/maven/surefire/surefire-logger-api/3.0.0-M5/surefire-logger-api-3.0.0-M5.jar:/Users/fizkiarditiakusuma/.m2/repository/org/apache/maven/surefire/surefire-shared-utils/3.0.0-M4/surefire-shared-utils-3.0.0-M4.jar:/Users/fizkiarditiakusuma/.m2/repository/org/apache/maven/surefire/surefire-extensions-spi/3.0.0-M5/surefire-extensions-spi-3.0.0-M5.jar:/Users/fizkiarditiakusuma/Documents/Nastha_Group/recruitment_nashta_API/target/test-classes:/Users/fizkiarditiakusuma/.m2/repository/ch/qos/logback/logback-classic/1.2.3/logback-classic-1.2.3.jar:/Users/fizkiarditiakusuma/.m2/repository/ch/qos/logback/logback-core/1.2.3/logback-core-1.2.3.jar:/Users/fizkiarditiakusuma/.m2/repository/org/slf4j/slf4j-api/1.7.25/slf4j-api-1.7.25.jar:/Users/fizkiarditiakusuma/.m2/repository/net/serenity-bdd/serenity-core/2.4.51/serenity-core-2.4.51.jar:/Users/fizkiarditiakusuma/.m2/repository/net/serenity-bdd/serenity-model/2.4.51/serenity-model-2.4.51.jar:/Users/fizkiarditiakusuma/.m2/repository/org/apache/commons/commons-text/1.9/commons-text-1.9.jar:/Users/fizkiarditiakusuma/.m2/repository/commons-net/commons-net/3.6/commons-net-3.6.jar:/Users/fizkiarditiakusuma/.m2/repository/com/google/guava/guava/30.1-jre/guava-30.1-jre.jar:/Users/fizkiarditiakusuma/.m2/repository/com/google/guava/failureaccess/1.0.1/failureaccess-1.0.1.jar:/Users/fizkiarditiakusuma/.m2/repository/com/google/guava/listenablefuture/9999.0-empty-to-avoid-conflict-with-guava/listenablefuture-9999.0-empty-to-avoid-conflict-with-guava.jar:/Users/fizkiarditiakusuma/.m2/repository/org/checkerframework/checker-qual/3.5.0/checker-qual-3.5.0.jar:/Users/fizkiarditiakusuma/.m2/repository/com/google/errorprone/error_prone_annotations/2.3.4/error_prone_annotations-2.3.4.jar:/Users/fizkiarditiakusuma/.m2/repository/com/google/j2objc/j2objc-annotations/1.3/j2objc-annotations-1.3.jar:/Users/fizkiarditiakusuma/.m2/repository/com/google/inject/guice/5.0.1/guice-5.0.1.jar:/Users/fizkiarditiakusuma/.m2/repository/javax/inject/javax.inject/1/javax.inject-1.jar:/Users/fizkiarditiakusuma/.m2/repository/aopalliance/aopalliance/1.0/aopalliance-1.0.jar:/Users/fizkiarditiakusuma/.m2/repository/org/jsoup/jsoup/1.13.1/jsoup-1.13.1.jar:/Users/fizkiarditiakusuma/.m2/repository/com/thoughtworks/xstream/xstream/1.4.17/xstream-1.4.17.jar:/Users/fizkiarditiakusuma/.m2/repository/io/github/x-stream/mxparser/1.2.1/mxparser-1.2.1.jar:/Users/fizkiarditiakusuma/.m2/repository/xmlpull/xmlpull/1.1.3.1/xmlpull-1.1.3.1.jar:/Users/fizkiarditiakusuma/.m2/repository/io/cucumber/cucumber-core/6.10.2/cucumber-core-6.10.2.jar:/Users/fizkiarditiakusuma/.m2/repository/io/cucumber/cucumber-gherkin/6.10.2/cucumber-gherkin-6.10.2.jar:/Users/fizkiarditiakusuma/.m2/repository/io/cucumber/cucumber-gherkin-messages/6.10.2/cucumber-gherkin-messages-6.10.2.jar:/Users/fizkiarditiakusuma/.m2/repository/io/cucumber/messages/14.0.1/messages-14.0.1.jar:/Users/fizkiarditiakusuma/.m2/repository/io/cucumber/tag-expressions/3.0.0/tag-expressions-3.0.0.jar:/Users/fizkiarditiakusuma/.m2/repository/io/cucumber/cucumber-expressions/10.3.0/cucumber-expressions-10.3.0.jar:/Users/fizkiarditiakusuma/.m2/repository/io/cucumber/cucumber-plugin/6.10.2/cucumber-plugin-6.10.2.jar:/Users/fizkiarditiakusuma/.m2/repository/io/cucumber/docstring/6.10.2/docstring-6.10.2.jar:/Users/fizkiarditiakusuma/.m2/repository/io/cucumber/html-formatter/12.0.0/html-formatter-12.0.0.jar:/Users/fizkiarditiakusuma/.m2/repository/io/cucumber/create-meta/3.0.0/create-meta-3.0.0.jar:/Users/fizkiarditiakusuma/.m2/repository/com/typesafe/config/1.3.1/config-1.3.1.jar:/Users/fizkiarditiakusuma/.m2/repository/org/imgscalr/imgscalr-lib/4.2/imgscalr-lib-4.2.jar:/Users/fizkiarditiakusuma/.m2/repository/org/awaitility/awaitility/4.0.3/awaitility-4.0.3.jar:/Users/fizkiarditiakusuma/.m2/repository/org/freemarker/freemarker/2.3.29/freemarker-2.3.29.jar:/Users/fizkiarditiakusuma/.m2/repository/net/sourceforge/jexcelapi/jxl/2.6.12/jxl-2.6.12.jar:/Users/fizkiarditiakusuma/.m2/repository/org/asciidoctor/asciidoctorj/2.5.1/asciidoctorj-2.5.1.jar:/Users/fizkiarditiakusuma/.m2/repository/org/asciidoctor/asciidoctorj-api/2.5.1/asciidoctorj-api-2.5.1.jar:/Users/fizkiarditiakusuma/.m2/repository/org/jruby/jruby/9.2.17.0/jruby-9.2.17.0.jar:/Users/fizkiarditiakusuma/.m2/repository/org/jruby/jruby-core/9.2.17.0/jruby-core-9.2.17.0.jar:/Users/fizkiarditiakusuma/.m2/repository/com/github/jnr/jnr-netdb/1.2.0/jnr-netdb-1.2.0.jar:/Users/fizkiarditiakusuma/.m2/repository/com/github/jnr/jnr-enxio/0.32.3/jnr-enxio-0.32.3.jar:/Users/fizkiarditiakusuma/.m2/repository/com/github/jnr/jnr-unixsocket/0.38.5/jnr-unixsocket-0.38.5.jar:/Users/fizkiarditiakusuma/.m2/repository/com/github/jnr/jnr-posix/3.1.4/jnr-posix-3.1.4.jar:/Users/fizkiarditiakusuma/.m2/repository/com/github/jnr/jnr-constants/0.10.1/jnr-constants-0.10.1.jar:/Users/fizkiarditiakusuma/.m2/repository/com/github/jnr/jffi/1.3.1/jffi-1.3.1.jar:/Users/fizkiarditiakusuma/.m2/repository/com/github/jnr/jffi/1.3.1/jffi-1.3.1-native.jar:/Users/fizkiarditiakusuma/.m2/repository/org/jruby/joni/joni/2.1.31/joni-2.1.31.jar:/Users/fizkiarditiakusuma/.m2/repository/org/jruby/jcodings/jcodings/1.0.46/jcodings-1.0.46.jar:/Users/fizkiarditiakusuma/.m2/repository/org/jruby/dirgra/0.3/dirgra-0.3.jar:/Users/fizkiarditiakusuma/.m2/repository/com/headius/invokebinder/1.11/invokebinder-1.11.jar:/Users/fizkiarditiakusuma/.m2/repository/com/headius/options/1.4/options-1.4.jar:/Users/fizkiarditiakusuma/.m2/repository/com/jcraft/jzlib/1.1.3/jzlib-1.1.3.jar:/Users/fizkiarditiakusuma/.m2/repository/com/martiansoftware/nailgun-server/0.9.1/nailgun-server-0.9.1.jar:/Users/fizkiarditiakusuma/.m2/repository/com/headius/backport9/1.8/backport9-1.8.jar:/Users/fizkiarditiakusuma/.m2/repository/javax/annotation/javax.annotation-api/1.3.1/javax.annotation-api-1.3.1.jar:/Users/fizkiarditiakusuma/.m2/repository/org/jruby/jruby-stdlib/9.2.17.0/jruby-stdlib-9.2.17.0.jar:/Users/fizkiarditiakusuma/.m2/repository/net/bytebuddy/byte-buddy/1.11.1/byte-buddy-1.11.1.jar:/Users/fizkiarditiakusuma/.m2/repository/net/bytebuddy/byte-buddy-agent/1.11.1/byte-buddy-agent-1.11.1.jar:/Users/fizkiarditiakusuma/.m2/repository/org/objenesis/objenesis/3.1/objenesis-3.1.jar:/Users/fizkiarditiakusuma/.m2/repository/net/serenity-bdd/serenity-reports/2.4.51/serenity-reports-2.4.51.jar:/Users/fizkiarditiakusuma/.m2/repository/net/serenity-bdd/serenity-stats/2.4.51/serenity-stats-2.4.51.jar:/Users/fizkiarditiakusuma/.m2/repository/org/jetbrains/kotlin/kotlin-stdlib/1.5.0/kotlin-stdlib-1.5.0.jar:/Users/fizkiarditiakusuma/.m2/repository/org/jetbrains/annotations/13.0/annotations-13.0.jar:/Users/fizkiarditiakusuma/.m2/repository/org/jetbrains/kotlin/kotlin-stdlib-common/1.5.0/kotlin-stdlib-common-1.5.0.jar:/Users/fizkiarditiakusuma/.m2/repository/net/serenity-bdd/serenity-reports-configuration/2.4.51/serenity-reports-configuration-2.4.51.jar:/Users/fizkiarditiakusuma/.m2/repository/com/vladsch/flexmark/flexmark-all/0.34.30/flexmark-all-0.34.30.jar:/Users/fizkiarditiakusuma/.m2/repository/com/vladsch/flexmark/flexmark/0.34.30/flexmark-0.34.30.jar:/Users/fizkiarditiakusuma/.m2/repository/com/vladsch/flexmark/flexmark-ext-abbreviation/0.34.30/flexmark-ext-abbreviation-0.34.30.jar:/Users/fizkiarditiakusuma/.m2/repository/com/vladsch/flexmark/flexmark-ext-admonition/0.34.30/flexmark-ext-admonition-0.34.30.jar:/Users/fizkiarditiakusuma/.m2/repository/com/vladsch/flexmark/flexmark-ext-anchorlink/0.34.30/flexmark-ext-anchorlink-0.34.30.jar:/Users/fizkiarditiakusuma/.m2/repository/com/vladsch/flexmark/flexmark-ext-aside/0.34.30/flexmark-ext-aside-0.34.30.jar:/Users/fizkiarditiakusuma/.m2/repository/com/vladsch/flexmark/flexmark-ext-attributes/0.34.30/flexmark-ext-attributes-0.34.30.jar:/Users/fizkiarditiakusuma/.m2/repository/com/vladsch/flexmark/flexmark-ext-autolink/0.34.30/flexmark-ext-autolink-0.34.30.jar:/Users/fizkiarditiakusuma/.m2/repository/org/nibor/autolink/autolink/0.6.0/autolink-0.6.0.jar:/Users/fizkiarditiakusuma/.m2/repository/com/vladsch/flexmark/flexmark-ext-definition/0.34.30/flexmark-ext-definition-0.34.30.jar:/Users/fizkiarditiakusuma/.m2/repository/com/vladsch/flexmark/flexmark-ext-emoji/0.34.30/flexmark-ext-emoji-0.34.30.jar:/Users/fizkiarditiakusuma/.m2/repository/com/vladsch/flexmark/flexmark-ext-enumerated-reference/0.34.30/flexmark-ext-enumerated-reference-0.34.30.jar:/Users/fizkiarditiakusuma/.m2/repository/com/vladsch/flexmark/flexmark-ext-escaped-character/0.34.30/flexmark-ext-escaped-character-0.34.30.jar:/Users/fizkiarditiakusuma/.m2/repository/com/vladsch/flexmark/flexmark-ext-footnotes/0.34.30/flexmark-ext-footnotes-0.34.30.jar:/Users/fizkiarditiakusuma/.m2/repository/com/vladsch/flexmark/flexmark-ext-gfm-issues/0.34.30/flexmark-ext-gfm-issues-0.34.30.jar:/Users/fizkiarditiakusuma/.m2/repository/com/vladsch/flexmark/flexmark-ext-gfm-strikethrough/0.34.30/flexmark-ext-gfm-strikethrough-0.34.30.jar:/Users/fizkiarditiakusuma/.m2/repository/com/vladsch/flexmark/flexmark-ext-gfm-tables/0.34.30/flexmark-ext-gfm-tables-0.34.30.jar:/Users/fizkiarditiakusuma/.m2/repository/com/vladsch/flexmark/flexmark-ext-gfm-tasklist/0.34.30/flexmark-ext-gfm-tasklist-0.34.30.jar:/Users/fizkiarditiakusuma/.m2/repository/com/vladsch/flexmark/flexmark-ext-gfm-users/0.34.30/flexmark-ext-gfm-users-0.34.30.jar:/Users/fizkiarditiakusuma/.m2/repository/com/vladsch/flexmark/flexmark-ext-gitlab/0.34.30/flexmark-ext-gitlab-0.34.30.jar:/Users/fizkiarditiakusuma/.m2/repository/com/vladsch/flexmark/flexmark-ext-jekyll-front-matter/0.34.30/flexmark-ext-jekyll-front-matter-0.34.30.jar:/Users/fizkiarditiakusuma/.m2/repository/com/vladsch/flexmark/flexmark-ext-jekyll-tag/0.34.30/flexmark-ext-jekyll-tag-0.34.30.jar:/Users/fizkiarditiakusuma/.m2/repository/com/vladsch/flexmark/flexmark-ext-media-tags/0.34.30/flexmark-ext-media-tags-0.34.30.jar:/Users/fizkiarditiakusuma/.m2/repository/com/vladsch/flexmark/flexmark-test-util/0.34.30/flexmark-test-util-0.34.30.jar:/Users/fizkiarditiakusuma/.m2/repository/com/vladsch/flexmark/flexmark-ext-ins/0.34.30/flexmark-ext-ins-0.34.30.jar:/Users/fizkiarditiakusuma/.m2/repository/com/vladsch/flexmark/flexmark-ext-xwiki-macros/0.34.30/flexmark-ext-xwiki-macros-0.34.30.jar:/Users/fizkiarditiakusuma/.m2/repository/com/vladsch/flexmark/flexmark-ext-superscript/0.34.30/flexmark-ext-superscript-0.34.30.jar:/Users/fizkiarditiakusuma/.m2/repository/com/vladsch/flexmark/flexmark-ext-tables/0.34.30/flexmark-ext-tables-0.34.30.jar:/Users/fizkiarditiakusuma/.m2/repository/com/vladsch/flexmark/flexmark-ext-toc/0.34.30/flexmark-ext-toc-0.34.30.jar:/Users/fizkiarditiakusuma/.m2/repository/com/vladsch/flexmark/flexmark-ext-typographic/0.34.30/flexmark-ext-typographic-0.34.30.jar:/Users/fizkiarditiakusuma/.m2/repository/com/vladsch/flexmark/flexmark-ext-wikilink/0.34.30/flexmark-ext-wikilink-0.34.30.jar:/Users/fizkiarditiakusuma/.m2/repository/com/vladsch/flexmark/flexmark-ext-yaml-front-matter/0.34.30/flexmark-ext-yaml-front-matter-0.34.30.jar:/Users/fizkiarditiakusuma/.m2/repository/com/vladsch/flexmark/flexmark-ext-youtube-embedded/0.34.30/flexmark-ext-youtube-embedded-0.34.30.jar:/Users/fizkiarditiakusuma/.m2/repository/com/vladsch/flexmark/flexmark-formatter/0.34.30/flexmark-formatter-0.34.30.jar:/Users/fizkiarditiakusuma/.m2/repository/com/vladsch/flexmark/flexmark-html-parser/0.34.30/flexmark-html-parser-0.34.30.jar:/Users/fizkiarditiakusuma/.m2/repository/com/vladsch/flexmark/flexmark-jira-converter/0.34.30/flexmark-jira-converter-0.34.30.jar:/Users/fizkiarditiakusuma/.m2/repository/com/vladsch/flexmark/flexmark-pdf-converter/0.34.30/flexmark-pdf-converter-0.34.30.jar:/Users/fizkiarditiakusuma/.m2/repository/com/openhtmltopdf/openhtmltopdf-core/0.0.1-RC13/openhtmltopdf-core-0.0.1-RC13.jar:/Users/fizkiarditiakusuma/.m2/repository/com/openhtmltopdf/openhtmltopdf-pdfbox/0.0.1-RC13/openhtmltopdf-pdfbox-0.0.1-RC13.jar:/Users/fizkiarditiakusuma/.m2/repository/org/apache/pdfbox/pdfbox/2.0.8/pdfbox-2.0.8.jar:/Users/fizkiarditiakusuma/.m2/repository/org/apache/pdfbox/fontbox/2.0.8/fontbox-2.0.8.jar:/Users/fizkiarditiakusuma/.m2/repository/org/apache/pdfbox/xmpbox/2.0.8/xmpbox-2.0.8.jar:/Users/fizkiarditiakusuma/.m2/repository/de/rototor/pdfbox/graphics2d/0.12/graphics2d-0.12.jar:/Users/fizkiarditiakusuma/.m2/repository/com/openhtmltopdf/openhtmltopdf-rtl-support/0.0.1-RC13/openhtmltopdf-rtl-support-0.0.1-RC13.jar:/Users/fizkiarditiakusuma/.m2/repository/com/ibm/icu/icu4j/59.1/icu4j-59.1.jar:/Users/fizkiarditiakusuma/.m2/repository/com/openhtmltopdf/openhtmltopdf-jsoup-dom-converter/0.0.1-RC13/openhtmltopdf-jsoup-dom-converter-0.0.1-RC13.jar:/Users/fizkiarditiakusuma/.m2/repository/com/vladsch/flexmark/flexmark-profile-pegdown/0.34.30/flexmark-profile-pegdown-0.34.30.jar:/Users/fizkiarditiakusuma/.m2/repository/com/vladsch/flexmark/flexmark-util/0.34.30/flexmark-util-0.34.30.jar:/Users/fizkiarditiakusuma/.m2/repository/com/vladsch/flexmark/flexmark-youtrack-converter/0.34.30/flexmark-youtrack-converter-0.34.30.jar:/Users/fizkiarditiakusuma/.m2/repository/es/nitaur/markdown/txtmark/0.16/txtmark-0.16.jar:/Users/fizkiarditiakusuma/.m2/repository/net/serenity-bdd/serenity-report-resources/2.4.51/serenity-report-resources-2.4.51.jar:/Users/fizkiarditiakusuma/.m2/repository/com/google/code/gson/gson/2.8.7/gson-2.8.7.jar:/Users/fizkiarditiakusuma/.m2/repository/com/fasterxml/jackson/core/jackson-core/2.12.4/jackson-core-2.12.4.jar:/Users/fizkiarditiakusuma/.m2/repository/com/fasterxml/jackson/core/jackson-databind/2.12.4/jackson-databind-2.12.4.jar:/Users/fizkiarditiakusuma/.m2/repository/com/fasterxml/jackson/core/jackson-annotations/2.12.4/jackson-annotations-2.12.4.jar:/Users/fizkiarditiakusuma/.m2/repository/commons-codec/commons-codec/1.15/commons-codec-1.15.jar:/Users/fizkiarditiakusuma/.m2/repository/commons-io/commons-io/2.8.0/commons-io-2.8.0.jar:/Users/fizkiarditiakusuma/.m2/repository/org/seleniumhq/selenium/selenium-server/3.141.59/selenium-server-3.141.59.jar:/Users/fizkiarditiakusuma/.m2/repository/org/seleniumhq/selenium/selenium-opera-driver/3.141.59/selenium-opera-driver-3.141.59.jar:/Users/fizkiarditiakusuma/.m2/repository/org/seleniumhq/selenium/selenium-remote-driver/3.141.59/selenium-remote-driver-3.141.59.jar:/Users/fizkiarditiakusuma/.m2/repository/org/seleniumhq/selenium/selenium-safari-driver/3.141.59/selenium-safari-driver-3.141.59.jar:/Users/fizkiarditiakusuma/.m2/repository/com/beust/jcommander/1.72/jcommander-1.72.jar:/Users/fizkiarditiakusuma/.m2/repository/org/apache/commons/commons-exec/1.3/commons-exec-1.3.jar:/Users/fizkiarditiakusuma/.m2/repository/net/jcip/jcip-annotations/1.0/jcip-annotations-1.0.jar:/Users/fizkiarditiakusuma/.m2/repository/org/seleniumhq/selenium/jetty-repacked/9.4.12.v20180830/jetty-repacked-9.4.12.v20180830.jar:/Users/fizkiarditiakusuma/.m2/repository/com/squareup/okhttp3/okhttp/3.11.0/okhttp-3.11.0.jar:/Users/fizkiarditiakusuma/.m2/repository/com/squareup/okio/okio/1.14.0/okio-1.14.0.jar:/Users/fizkiarditiakusuma/.m2/repository/javax/servlet/javax.servlet-api/3.1.0/javax.servlet-api-3.1.0.jar:/Users/fizkiarditiakusuma/.m2/repository/org/yaml/snakeyaml/1.19/snakeyaml-1.19.jar:/Users/fizkiarditiakusuma/.m2/repository/org/seleniumhq/selenium/selenium-java/3.141.59/selenium-java-3.141.59.jar:/Users/fizkiarditiakusuma/.m2/repository/org/seleniumhq/selenium/selenium-api/3.141.59/selenium-api-3.141.59.jar:/Users/fizkiarditiakusuma/.m2/repository/org/seleniumhq/selenium/selenium-support/3.141.59/selenium-support-3.141.59.jar:/Users/fizkiarditiakusuma/.m2/repository/org/seleniumhq/selenium/selenium-chrome-driver/3.141.59/selenium-chrome-driver-3.141.59.jar:/Users/fizkiarditiakusuma/.m2/repository/org/seleniumhq/selenium/selenium-firefox-driver/3.141.59/selenium-firefox-driver-3.141.59.jar:/Users/fizkiarditiakusuma/.m2/repository/org/seleniumhq/selenium/selenium-edge-driver/3.141.59/selenium-edge-driver-3.141.59.jar:/Users/fizkiarditiakusuma/.m2/repository/org/seleniumhq/selenium/selenium-ie-driver/3.141.59/selenium-ie-driver-3.141.59.jar:/Users/fizkiarditiakusuma/.m2/repository/net/sourceforge/htmlunit/htmlunit/2.47.1/htmlunit-2.47.1.jar:/Users/fizkiarditiakusuma/.m2/repository/xalan/xalan/2.7.2/xalan-2.7.2.jar:/Users/fizkiarditiakusuma/.m2/repository/xalan/serializer/2.7.2/serializer-2.7.2.jar:/Users/fizkiarditiakusuma/.m2/repository/net/sourceforge/htmlunit/htmlunit-core-js/2.47.0/htmlunit-core-js-2.47.0.jar:/Users/fizkiarditiakusuma/.m2/repository/net/sourceforge/htmlunit/neko-htmlunit/2.47.1/neko-htmlunit-2.47.1.jar:/Users/fizkiarditiakusuma/.m2/repository/xerces/xercesImpl/2.12.0/xercesImpl-2.12.0.jar:/Users/fizkiarditiakusuma/.m2/repository/xml-apis/xml-apis/1.4.01/xml-apis-1.4.01.jar:/Users/fizkiarditiakusuma/.m2/repository/net/sourceforge/htmlunit/htmlunit-cssparser/1.7.0/htmlunit-cssparser-1.7.0.jar:/Users/fizkiarditiakusuma/.m2/repository/org/brotli/dec/0.1.2/dec-0.1.2.jar:/Users/fizkiarditiakusuma/.m2/repository/com/shapesecurity/salvation2/3.0.0/salvation2-3.0.0.jar:/Users/fizkiarditiakusuma/.m2/repository/org/eclipse/jetty/websocket/websocket-client/9.4.36.v20210114/websocket-client-9.4.36.v20210114.jar:/Users/fizkiarditiakusuma/.m2/repository/org/eclipse/jetty/jetty-client/9.4.36.v20210114/jetty-client-9.4.36.v20210114.jar:/Users/fizkiarditiakusuma/.m2/repository/org/eclipse/jetty/jetty-http/9.4.36.v20210114/jetty-http-9.4.36.v20210114.jar:/Users/fizkiarditiakusuma/.m2/repository/org/eclipse/jetty/jetty-util/9.4.36.v20210114/jetty-util-9.4.36.v20210114.jar:/Users/fizkiarditiakusuma/.m2/repository/org/eclipse/jetty/jetty-io/9.4.36.v20210114/jetty-io-9.4.36.v20210114.jar:/Users/fizkiarditiakusuma/.m2/repository/org/eclipse/jetty/websocket/websocket-common/9.4.36.v20210114/websocket-common-9.4.36.v20210114.jar:/Users/fizkiarditiakusuma/.m2/repository/org/eclipse/jetty/websocket/websocket-api/9.4.36.v20210114/websocket-api-9.4.36.v20210114.jar:/Users/fizkiarditiakusuma/.m2/repository/org/projectlombok/lombok/1.18.20/lombok-1.18.20.jar:/Users/fizkiarditiakusuma/.m2/repository/org/seleniumhq/selenium/htmlunit-driver/2.47.1/htmlunit-driver-2.47.1.jar:/Users/fizkiarditiakusuma/.m2/repository/com/codeborne/phantomjsdriver/1.4.4/phantomjsdriver-1.4.4.jar:/Users/fizkiarditiakusuma/.m2/repository/io/appium/java-client/7.5.1/java-client-7.5.1.jar:/Users/fizkiarditiakusuma/.m2/repository/commons-validator/commons-validator/1.7/commons-validator-1.7.jar:/Users/fizkiarditiakusuma/.m2/repository/commons-digester/commons-digester/2.1/commons-digester-2.1.jar:/Users/fizkiarditiakusuma/.m2/repository/org/aspectj/aspectjweaver/1.9.6/aspectjweaver-1.9.6.jar:/Users/fizkiarditiakusuma/.m2/repository/net/sf/opencsv/opencsv/2.0/opencsv-2.0.jar:/Users/fizkiarditiakusuma/.m2/repository/commons-beanutils/commons-beanutils/1.9.4/commons-beanutils-1.9.4.jar:/Users/fizkiarditiakusuma/.m2/repository/org/apache/commons/commons-lang3/3.11/commons-lang3-3.11.jar:/Users/fizkiarditiakusuma/.m2/repository/commons-collections/commons-collections/3.2.2/commons-collections-3.2.2.jar:/Users/fizkiarditiakusuma/.m2/repository/org/fluentlenium/fluentlenium-core/0.10.2/fluentlenium-core-0.10.2.jar:/Users/fizkiarditiakusuma/.m2/repository/io/github/bonigarcia/webdrivermanager/4.4.1/webdrivermanager-4.4.1.jar:/Users/fizkiarditiakusuma/.m2/repository/org/apache/httpcomponents/client5/httpclient5/5.0.3/httpclient5-5.0.3.jar:/Users/fizkiarditiakusuma/.m2/repository/org/apache/httpcomponents/core5/httpcore5/5.0.2/httpcore5-5.0.2.jar:/Users/fizkiarditiakusuma/.m2/repository/org/apache/httpcomponents/core5/httpcore5-h2/5.0.2/httpcore5-h2-5.0.2.jar:/Users/fizkiarditiakusuma/.m2/repository/org/rauschig/jarchivelib/1.1.0/jarchivelib-1.1.0.jar:/Users/fizkiarditiakusuma/.m2/repository/org/apache/commons/commons-compress/1.20/commons-compress-1.20.jar:/Users/fizkiarditiakusuma/.m2/repository/com/jhlabs/filters/2.0.235/filters-2.0.235.jar:/Users/fizkiarditiakusuma/.m2/repository/com/paulhammant/ngwebdriver/1.1.5/ngwebdriver-1.1.5.jar:/Users/fizkiarditiakusuma/.m2/repository/joda-time/joda-time/2.8.2/joda-time-2.8.2.jar:/Users/fizkiarditiakusuma/.m2/repository/com/google/jimfs/jimfs/1.1/jimfs-1.1.jar:/Users/fizkiarditiakusuma/.m2/repository/org/mockito/mockito-core/3.3.3/mockito-core-3.3.3.jar:/Users/fizkiarditiakusuma/.m2/repository/javax/xml/bind/jaxb-api/2.3.1/jaxb-api-2.3.1.jar:/Users/fizkiarditiakusuma/.m2/repository/javax/activation/javax.activation-api/1.2.0/javax.activation-api-1.2.0.jar:/Users/fizkiarditiakusuma/.m2/repository/com/sun/xml/bind/jaxb-core/2.3.0.1/jaxb-core-2.3.0.1.jar:/Users/fizkiarditiakusuma/.m2/repository/com/sun/xml/bind/jaxb-impl/2.3.3/jaxb-impl-2.3.3.jar:/Users/fizkiarditiakusuma/.m2/repository/com/sun/activation/jakarta.activation/1.2.2/jakarta.activation-1.2.2.jar:/Users/fizkiarditiakusuma/.m2/repository/javax/activation/activation/1.1.1/activation-1.1.1.jar:/Users/fizkiarditiakusuma/.m2/repository/net/serenity-bdd/serenity-junit/2.4.51/serenity-junit-2.4.51.jar:/Users/fizkiarditiakusuma/.m2/repository/net/serenity-bdd/serenity-rest-assured/2.4.51/serenity-rest-assured-2.4.51.jar:/Users/fizkiarditiakusuma/.m2/repository/org/codehaus/groovy/groovy-json/3.0.8/groovy-json-3.0.8.jar:/Users/fizkiarditiakusuma/.m2/repository/org/opentest4j/opentest4j/1.2.0/opentest4j-1.2.0.jar:/Users/fizkiarditiakusuma/.m2/repository/net/serenity-bdd/serenity-screenplay/2.4.51/serenity-screenplay-2.4.51.jar:/Users/fizkiarditiakusuma/.m2/repository/net/serenity-bdd/serenity-screenplay-rest/2.4.51/serenity-screenplay-rest-2.4.51.jar:/Users/fizkiarditiakusuma/.m2/repository/net/serenity-bdd/serenity-cucumber6/2.4.51/serenity-cucumber6-2.4.51.jar:/Users/fizkiarditiakusuma/.m2/repository/net/serenity-bdd/serenity-screenplay-webdriver/2.4.51/serenity-screenplay-webdriver-2.4.51.jar:/Users/fizkiarditiakusuma/.m2/repository/io/cucumber/cucumber-java/6.10.4/cucumber-java-6.10.4.jar:/Users/fizkiarditiakusuma/.m2/repository/org/apiguardian/apiguardian-api/1.1.1/apiguardian-api-1.1.1.jar:/Users/fizkiarditiakusuma/.m2/repository/io/cucumber/cucumber-junit/6.10.4/cucumber-junit-6.10.4.jar:/Users/fizkiarditiakusuma/.m2/repository/io/cucumber/datatable-matchers/3.4.0/datatable-matchers-3.4.0.jar:/Users/fizkiarditiakusuma/.m2/repository/io/cucumber/datatable/3.4.0/datatable-3.4.0.jar:/Users/fizkiarditiakusuma/.m2/repository/commons-logging/commons-logging/1.2/commons-logging-1.2.jar:/Users/fizkiarditiakusuma/.m2/repository/org/apache/commons/commons-csv/1.5/commons-csv-1.5.jar:/Users/fizkiarditiakusuma/.m2/repository/io/rest-assured/rest-assured/4.3.2/rest-assured-4.3.2.jar:/Users/fizkiarditiakusuma/.m2/repository/org/apache/httpcomponents/httpclient/4.5.3/httpclient-4.5.3.jar:/Users/fizkiarditiakusuma/.m2/repository/org/apache/httpcomponents/httpcore/4.4.6/httpcore-4.4.6.jar:/Users/fizkiarditiakusuma/.m2/repository/org/apache/httpcomponents/httpmime/4.5.3/httpmime-4.5.3.jar:/Users/fizkiarditiakusuma/.m2/repository/org/ccil/cowan/tagsoup/tagsoup/1.2.1/tagsoup-1.2.1.jar:/Users/fizkiarditiakusuma/.m2/repository/io/rest-assured/json-path/4.3.3/json-path-4.3.3.jar:/Users/fizkiarditiakusuma/.m2/repository/io/rest-assured/rest-assured-common/4.3.3/rest-assured-common-4.3.3.jar:/Users/fizkiarditiakusuma/.m2/repository/io/rest-assured/xml-path/4.3.3/xml-path-4.3.3.jar:/Users/fizkiarditiakusuma/.m2/repository/jakarta/xml/bind/jakarta.xml.bind-api/2.3.3/jakarta.xml.bind-api-2.3.3.jar:/Users/fizkiarditiakusuma/.m2/repository/jakarta/activation/jakarta.activation-api/1.2.2/jakarta.activation-api-1.2.2.jar:/Users/fizkiarditiakusuma/.m2/repository/org/codehaus/groovy/groovy/3.0.6/groovy-3.0.6.jar:/Users/fizkiarditiakusuma/.m2/repository/org/codehaus/groovy/groovy-xml/3.0.6/groovy-xml-3.0.6.jar:/Users/fizkiarditiakusuma/.m2/repository/junit/junit/4.13.1/junit-4.13.1.jar:/Users/fizkiarditiakusuma/.m2/repository/org/hamcrest/hamcrest-core/1.3/hamcrest-core-1.3.jar:/Users/fizkiarditiakusuma/.m2/repository/org/assertj/assertj-core/3.6.2/assertj-core-3.6.2.jar:/Users/fizkiarditiakusuma/.m2/repository/org/hamcrest/hamcrest/2.2/hamcrest-2.2.jar:/Users/fizkiarditiakusuma/.m2/repository/io/rest-assured/json-schema-validator/5.2.0/json-schema-validator-5.2.0.jar:/Users/fizkiarditiakusuma/.m2/repository/com/github/java-json-tools/json-schema-validator/2.2.14/json-schema-validator-2.2.14.jar:/Users/fizkiarditiakusuma/.m2/repository/com/github/java-json-tools/jackson-coreutils-equivalence/1.0/jackson-coreutils-equivalence-1.0.jar:/Users/fizkiarditiakusuma/.m2/repository/com/github/java-json-tools/jackson-coreutils/2.0/jackson-coreutils-2.0.jar:/Users/fizkiarditiakusuma/.m2/repository/com/github/java-json-tools/msg-simple/1.2/msg-simple-1.2.jar:/Users/fizkiarditiakusuma/.m2/repository/com/github/java-json-tools/btf/1.3/btf-1.3.jar:/Users/fizkiarditiakusuma/.m2/repository/com/github/java-json-tools/json-schema-core/1.2.14/json-schema-core-1.2.14.jar:/Users/fizkiarditiakusuma/.m2/repository/com/github/java-json-tools/uri-template/0.10/uri-template-0.10.jar:/Users/fizkiarditiakusuma/.m2/repository/org/mozilla/rhino/1.7.7.2/rhino-1.7.7.2.jar:/Users/fizkiarditiakusuma/.m2/repository/com/sun/mail/mailapi/1.6.2/mailapi-1.6.2.jar:/Users/fizkiarditiakusuma/.m2/repository/com/googlecode/libphonenumber/libphonenumber/8.11.1/libphonenumber-8.11.1.jar:/Users/fizkiarditiakusuma/.m2/repository/com/google/code/findbugs/jsr305/3.0.2/jsr305-3.0.2.jar:/Users/fizkiarditiakusuma/.m2/repository/net/sf/jopt-simple/jopt-simple/5.0.4/jopt-simple-5.0.4.jar:/Users/fizkiarditiakusuma/.m2/repository/org/apache/maven/surefire/surefire-junit47/3.0.0-M5/surefire-junit47-3.0.0-M5.jar:/Users/fizkiarditiakusuma/.m2/repository/org/apache/maven/surefire/common-java5/3.0.0-M5/common-java5-3.0.0-M5.jar:/Users/fizkiarditiakusuma/.m2/repository/org/apache/maven/surefire/common-junit3/3.0.0-M5/common-junit3-3.0.0-M5.jar:/Users/fizkiarditiakusuma/.m2/repository/org/apache/maven/surefire/common-junit4/3.0.0-M5/common-junit4-3.0.0-M5.jar:/Users/fizkiarditiakusuma/.m2/repository/org/apache/maven/surefire/common-junit48/3.0.0-M5/common-junit48-3.0.0-M5.jar:/Users/fizkiarditiakusuma/.m2/repository/org/apache/maven/surefire/surefire-grouper/3.0.0-M5/surefire-grouper-3.0.0-M5.jar"/>
    <property name="sun.management.compiler" value="HotSpot 64-Bit Tiered Compilers"/>
    <property name="ftp.nonProxyHosts" value="local|*.local|169.254/16|*.169.254/16"/>
    <property name="java.runtime.version" value="17.0.8+7"/>
    <property name="user.name" value="fizkiarditiakusuma"/>
    <property name="path.separator" value=":"/>
    <property name="os.version" value="14.2.1"/>
    <property name="java.runtime.name" value="OpenJDK Runtime Environment"/>
    <property name="file.encoding" value="UTF-8"/>
    <property name="webdriver.base.url" value=""/>
    <property name="java.vm.name" value="OpenJDK 64-Bit Server VM"/>
    <property name="java.vendor.version" value="Temurin-17.0.8+7"/>
    <property name="localRepository" value="/Users/fizkiarditiakusuma/.m2/repository"/>
    <property name="java.vendor.url.bug" value="https://github.com/adoptium/adoptium-support/issues"/>
    <property name="java.io.tmpdir" value="/var/folders/nl/kl9228955pjdfy31l8yfjk700000gn/T/"/>
    <property name="java.version" value="17.0.8"/>
    <property name="user.dir" value="/Users/fizkiarditiakusuma/Documents/Nastha_Group/recruitment_nashta_API"/>
    <property name="os.arch" value="aarch64"/>
    <property name="java.vm.specification.name" value="Java Virtual Machine Specification"/>
    <property name="native.encoding" value="UTF-8"/>
    <property name="java.library.path" value="/Users/fizkiarditiakusuma/Library/Java/Extensions:/Library/Java/Extensions:/Network/Library/Java/Extensions:/System/Library/Java/Extensions:/usr/lib/java:."/>
    <property name="java.vm.info" value="mixed mode"/>
    <property name="java.vendor" value="Eclipse Adoptium"/>
    <property name="java.vm.version" value="17.0.8+7"/>
    <property name="sun.io.unicode.encoding" value="UnicodeBig"/>
    <property name="socksNonProxyHosts" value="local|*.local|169.254/16|*.169.254/16"/>
    <property name="java.class.version" value="61.0"/>
  </properties>
  <testcase name="JOR 002 - Update Job Order Request" classname="Job Order Request" time="0.03">
    <error message="Cannot invoke &quot;pageObjectAPI.jobOrder.jobOrderAPI.setJobOrderRequest(java.io.File)&quot; because &quot;this.jobOrderAPI&quot; is null" type="java.lang.NullPointerException"><![CDATA[java.lang.NullPointerException: Cannot invoke "pageObjectAPI.jobOrder.jobOrderAPI.setJobOrderRequest(java.io.File)" because "this.jobOrderAPI" is null
]]></error>
    <system-out><![CDATA[
@recruitment @JOR
Scenario: JOR 002 - Update Job Order Request                          &amp#27;[90m# features//jobOrder/jobOrder.feature:8&amp#27;[0m
16:13:03.453 [pool-2-thread-1] INFO io.cucumber.core.plugin.SerenityReporter - Running feature from classpath:features//jobOrder/jobOrder.feature
16:13:03.454 [pool-2-thread-1] INFO  - 
  _____   ___   ___   _____     ___   _____     _     ___   _____   ___   ___  
 |_   _| | __| / __| |_   _|   / __| |_   _|   /_\   | _ \ |_   _| | __| |   \ 
   | |   | _|  \__ \   | |     \__ \   | |    / _ \  |   /   | |   | _|  | |) |
   |_|   |___| |___/   |_|     |___/   |_|   /_/ \_\ |_|_\   |_|   |___| |___/ 

JOR 002 - Update Job Order Request(job-order-request;jor-002---update-job-order-request)
--------------------------------------------------------------------------------
  &amp#27;[31mGiven &amp#27;[0m&amp#27;[31mValid Data JSON Job Order Request&amp#27;[0m                             &amp#27;[90m# step_definitions.jobOrder.jobOrder.validDataJSONJobOrderRequest()&amp#27;[0m
      &amp#27;[31mjava.lang.NullPointerException: Cannot invoke "pageObjectAPI.jobOrder.jobOrderAPI.setJobOrderRequest(java.io.File)" because "this.jobOrderAPI" is null
	at serenity.rest.starter@1.0.0-SNAPSHOT/step_definitions.jobOrder.jobOrder.validDataJSONJobOrderRequest(jobOrder.java:19)
	at ✽.Valid Data JSON Job Order Request(classpath:features//jobOrder/jobOrder.feature:4)
&amp#27;[0m
  &amp#27;[36mWhen &amp#27;[0m&amp#27;[36mSend request post Job Order Request&amp#27;[0m                            &amp#27;[90m# step_definitions.jobOrder.jobOrder.sendRequestPostJobOrderRequest()&amp#27;[0m
  &amp#27;[36mThen &amp#27;[0m&amp#27;[36mthe response status code should be &amp#27;[0m&amp#27;[36m&amp#27;[1m201&amp#27;[0m&amp#27;[36m Created&amp#27;[0m                 &amp#27;[90m# step_definitions.utills.responseStatusCode.theResponseStatusCodeShouldBeCreated(int)&amp#27;[0m
  &amp#27;[36mWhen &amp#27;[0m&amp#27;[36mSend request method to POST path to Param Company Organization&amp#27;[0m &amp#27;[90m# step_definitions.jobOrder.jobOrder.sendRequestMethodToPOSTPathToParamCompanyOrganization()&amp#27;[0m
  &amp#27;[36mThen &amp#27;[0m&amp#27;[36mthe response status code should be &amp#27;[0m&amp#27;[36m&amp#27;[1m200&amp#27;[0m&amp#27;[36m OK&amp#27;[0m                      &amp#27;[90m# step_definitions.utills.responseStatusCode.theResponseStatusCodeShouldBeOK(int)&amp#27;[0m
  &amp#27;[36mAnd &amp#27;[0m&amp#27;[36mValidate json schema response Param Company Organization&amp#27;[0m        &amp#27;[90m# step_definitions.jobOrder.jobOrder.validateJsonSchemaResponseParamCompanyOrganization()&amp#27;[0m
]]></system-out>
  </testcase>
  <testcase name="JOR 003 - Delete Job Order Request" classname="Job Order Request" time="0.016">
    <error message="Cannot invoke &quot;pageObjectAPI.jobOrder.jobOrderAPI.setJobOrderRequest(java.io.File)&quot; because &quot;this.jobOrderAPI&quot; is null" type="java.lang.NullPointerException"><![CDATA[java.lang.NullPointerException: Cannot invoke "pageObjectAPI.jobOrder.jobOrderAPI.setJobOrderRequest(java.io.File)" because "this.jobOrderAPI" is null
]]></error>
    <system-out><![CDATA[
@recruitment @JOR
Scenario: JOR 003 - Delete Job Order Request              &amp#27;[90m# features//jobOrder/jobOrder.feature:13&amp#27;[0m
16:13:03.471 [pool-2-thread-1] INFO io.cucumber.core.plugin.SerenityReporter - Running feature from classpath:features//jobOrder/jobOrder.feature
16:13:03.472 [pool-2-thread-1] INFO  - 
  _____   ___   ___   _____     ___   _____     _     ___   _____   ___   ___  
 |_   _| | __| / __| |_   _|   / __| |_   _|   /_\   | _ \ |_   _| | __| |   \ 
   | |   | _|  \__ \   | |     \__ \   | |    / _ \  |   /   | |   | _|  | |) |
   |_|   |___| |___/   |_|     |___/   |_|   /_/ \_\ |_|_\   |_|   |___| |___/ 

JOR 003 - Delete Job Order Request(job-order-request;jor-003---delete-job-order-request)
--------------------------------------------------------------------------------
  &amp#27;[31mGiven &amp#27;[0m&amp#27;[31mValid Data JSON Job Order Request&amp#27;[0m                 &amp#27;[90m# step_definitions.jobOrder.jobOrder.validDataJSONJobOrderRequest()&amp#27;[0m
      &amp#27;[31mjava.lang.NullPointerException: Cannot invoke "pageObjectAPI.jobOrder.jobOrderAPI.setJobOrderRequest(java.io.File)" because "this.jobOrderAPI" is null
	at serenity.rest.starter@1.0.0-SNAPSHOT/step_definitions.jobOrder.jobOrder.validDataJSONJobOrderRequest(jobOrder.java:19)
	at ✽.Valid Data JSON Job Order Request(classpath:features//jobOrder/jobOrder.feature:4)
&amp#27;[0m
  &amp#27;[36mWhen &amp#27;[0m&amp#27;[36mSend request post Job Order Request&amp#27;[0m                &amp#27;[90m# step_definitions.jobOrder.jobOrder.sendRequestPostJobOrderRequest()&amp#27;[0m
  &amp#27;[36mThen &amp#27;[0m&amp#27;[36mthe response status code should be &amp#27;[0m&amp#27;[36m&amp#27;[1m201&amp#27;[0m&amp#27;[36m Created&amp#27;[0m     &amp#27;[90m# step_definitions.utills.responseStatusCode.theResponseStatusCodeShouldBeCreated(int)&amp#27;[0m
  &amp#27;[36mWhen &amp#27;[0m&amp#27;[36mSend request method to DELETE path to Request Page&amp#27;[0m &amp#27;[90m# step_definitions.jobOrder.jobOrder.sendRequestMethodToDELETEPathToRequestPage()&amp#27;[0m
  &amp#27;[36mThen &amp#27;[0m&amp#27;[36mthe response status code should be &amp#27;[0m&amp#27;[36m&amp#27;[1m204&amp#27;[0m&amp#27;[36m No Content&amp#27;[0m  &amp#27;[90m# step_definitions.utills.responseStatusCode.theResponseStatusCodeShouldBeNoContent(int)&amp#27;[0m
  &amp#27;[36mAnd &amp#27;[0m&amp#27;[36mValidate json schema response Request Page&amp#27;[0m          &amp#27;[90m# step_definitions.jobOrder.jobOrder.validateJsonSchemaResponseRequestPage()&amp#27;[0m
]]></system-out>
  </testcase>
  <testcase name="JOR 004 - Job Order Request Approval" classname="Job Order Request" time="0.01">
    <error message="Cannot invoke &quot;pageObjectAPI.jobOrder.jobOrderAPI.setJobOrderRequest(java.io.File)&quot; because &quot;this.jobOrderAPI&quot; is null" type="java.lang.NullPointerException"><![CDATA[java.lang.NullPointerException: Cannot invoke "pageObjectAPI.jobOrder.jobOrderAPI.setJobOrderRequest(java.io.File)" because "this.jobOrderAPI" is null
]]></error>
    <system-out><![CDATA[
@recruitment @JOR
Scenario: JOR 004 - Job Order Request Approval                       &amp#27;[90m# features//jobOrder/jobOrder.feature:18&amp#27;[0m
16:13:03.489 [pool-2-thread-1] INFO io.cucumber.core.plugin.SerenityReporter - Running feature from classpath:features//jobOrder/jobOrder.feature
16:13:03.490 [pool-2-thread-1] INFO  - 
  _____   ___   ___   _____     ___   _____     _     ___   _____   ___   ___  
 |_   _| | __| / __| |_   _|   / __| |_   _|   /_\   | _ \ |_   _| | __| |   \ 
   | |   | _|  \__ \   | |     \__ \   | |    / _ \  |   /   | |   | _|  | |) |
   |_|   |___| |___/   |_|     |___/   |_|   /_/ \_\ |_|_\   |_|   |___| |___/ 

JOR 004 - Job Order Request Approval(job-order-request;jor-004---job-order-request-approval)
--------------------------------------------------------------------------------
  &amp#27;[31mGiven &amp#27;[0m&amp#27;[31mValid Data JSON Job Order Request&amp#27;[0m                            &amp#27;[90m# step_definitions.jobOrder.jobOrder.validDataJSONJobOrderRequest()&amp#27;[0m
      &amp#27;[31mjava.lang.NullPointerException: Cannot invoke "pageObjectAPI.jobOrder.jobOrderAPI.setJobOrderRequest(java.io.File)" because "this.jobOrderAPI" is null
	at serenity.rest.starter@1.0.0-SNAPSHOT/step_definitions.jobOrder.jobOrder.validDataJSONJobOrderRequest(jobOrder.java:19)
	at ✽.Valid Data JSON Job Order Request(classpath:features//jobOrder/jobOrder.feature:4)
&amp#27;[0m
  &amp#27;[36mWhen &amp#27;[0m&amp#27;[36mSend request post Job Order Request&amp#27;[0m                           &amp#27;[90m# step_definitions.jobOrder.jobOrder.sendRequestPostJobOrderRequest()&amp#27;[0m
  &amp#27;[36mThen &amp#27;[0m&amp#27;[36mthe response status code should be &amp#27;[0m&amp#27;[36m&amp#27;[1m201&amp#27;[0m&amp#27;[36m Created&amp#27;[0m                &amp#27;[90m# step_definitions.utills.responseStatusCode.theResponseStatusCodeShouldBeCreated(int)&amp#27;[0m
  &amp#27;[36mWhen &amp#27;[0m&amp#27;[36mSend request method to GET path to Job Order Request Approval&amp#27;[0m &amp#27;[90m# step_definitions.jobOrder.jobOrder.sendRequestMethodToGETPathToJobOrderRequestApproval()&amp#27;[0m
  &amp#27;[36mThen &amp#27;[0m&amp#27;[36mthe response status code should be &amp#27;[0m&amp#27;[36m&amp#27;[1m200&amp#27;[0m&amp#27;[36m OK&amp#27;[0m                     &amp#27;[90m# step_definitions.utills.responseStatusCode.theResponseStatusCodeShouldBeOK(int)&amp#27;[0m
  &amp#27;[36mAnd &amp#27;[0m&amp#27;[36mValidate json schema response Job Order Request Approval&amp#27;[0m       &amp#27;[90m# step_definitions.jobOrder.jobOrder.validateJsonSchemaResponseJobOrderRequestApproval()&amp#27;[0m
]]></system-out>
  </testcase>
  <testcase name="JOR 005 - Job Order Request Rejected" classname="Job Order Request" time="0.014">
    <error message="Cannot invoke &quot;pageObjectAPI.jobOrder.jobOrderAPI.setJobOrderRequest(java.io.File)&quot; because &quot;this.jobOrderAPI&quot; is null" type="java.lang.NullPointerException"><![CDATA[java.lang.NullPointerException: Cannot invoke "pageObjectAPI.jobOrder.jobOrderAPI.setJobOrderRequest(java.io.File)" because "this.jobOrderAPI" is null
]]></error>
    <system-out><![CDATA[
@recruitment @JOR
Scenario: JOR 005 - Job Order Request Rejected                       &amp#27;[90m# features//jobOrder/jobOrder.feature:23&amp#27;[0m
16:13:03.501 [pool-2-thread-1] INFO io.cucumber.core.plugin.SerenityReporter - Running feature from classpath:features//jobOrder/jobOrder.feature
16:13:03.502 [pool-2-thread-1] INFO  - 
  _____   ___   ___   _____     ___   _____     _     ___   _____   ___   ___  
 |_   _| | __| / __| |_   _|   / __| |_   _|   /_\   | _ \ |_   _| | __| |   \ 
   | |   | _|  \__ \   | |     \__ \   | |    / _ \  |   /   | |   | _|  | |) |
   |_|   |___| |___/   |_|     |___/   |_|   /_/ \_\ |_|_\   |_|   |___| |___/ 

JOR 005 - Job Order Request Rejected(job-order-request;jor-005---job-order-request-rejected)
--------------------------------------------------------------------------------
  &amp#27;[31mGiven &amp#27;[0m&amp#27;[31mValid Data JSON Job Order Request&amp#27;[0m                            &amp#27;[90m# step_definitions.jobOrder.jobOrder.validDataJSONJobOrderRequest()&amp#27;[0m
      &amp#27;[31mjava.lang.NullPointerException: Cannot invoke "pageObjectAPI.jobOrder.jobOrderAPI.setJobOrderRequest(java.io.File)" because "this.jobOrderAPI" is null
	at serenity.rest.starter@1.0.0-SNAPSHOT/step_definitions.jobOrder.jobOrder.validDataJSONJobOrderRequest(jobOrder.java:19)
	at ✽.Valid Data JSON Job Order Request(classpath:features//jobOrder/jobOrder.feature:4)
&amp#27;[0m
  &amp#27;[36mWhen &amp#27;[0m&amp#27;[36mSend request post Job Order Request&amp#27;[0m                           &amp#27;[90m# step_definitions.jobOrder.jobOrder.sendRequestPostJobOrderRequest()&amp#27;[0m
  &amp#27;[36mThen &amp#27;[0m&amp#27;[36mthe response status code should be &amp#27;[0m&amp#27;[36m&amp#27;[1m201&amp#27;[0m&amp#27;[36m Created&amp#27;[0m                &amp#27;[90m# step_definitions.utills.responseStatusCode.theResponseStatusCodeShouldBeCreated(int)&amp#27;[0m
  &amp#27;[36mWhen &amp#27;[0m&amp#27;[36mSend request method to GET path to Job Order Request Rejected&amp#27;[0m &amp#27;[90m# step_definitions.jobOrder.jobOrder.sendRequestMethodToGETPathToJobOrderRequestRejected()&amp#27;[0m
  &amp#27;[36mThen &amp#27;[0m&amp#27;[36mthe response status code should be &amp#27;[0m&amp#27;[36m&amp#27;[1m200&amp#27;[0m&amp#27;[36m OK&amp#27;[0m                     &amp#27;[90m# step_definitions.utills.responseStatusCode.theResponseStatusCodeShouldBeOK(int)&amp#27;[0m
  &amp#27;[36mAnd &amp#27;[0m&amp#27;[36mValidate json schema response Job Order Request Rejected&amp#27;[0m       &amp#27;[90m# step_definitions.jobOrder.jobOrder.validateJsonSchemaResponseJobOrderRequestRejected()&amp#27;[0m
]]></system-out>
  </testcase>
  <testcase name="JOR 006 - Job Order Request Revised" classname="Job Order Request" time="0.01">
    <error message="Cannot invoke &quot;pageObjectAPI.jobOrder.jobOrderAPI.setJobOrderRequest(java.io.File)&quot; because &quot;this.jobOrderAPI&quot; is null" type="java.lang.NullPointerException"><![CDATA[java.lang.NullPointerException: Cannot invoke "pageObjectAPI.jobOrder.jobOrderAPI.setJobOrderRequest(java.io.File)" because "this.jobOrderAPI" is null
]]></error>
    <system-out><![CDATA[
@recruitment @JOR
Scenario: JOR 006 - Job Order Request Revised                       &amp#27;[90m# features//jobOrder/jobOrder.feature:28&amp#27;[0m
16:13:03.516 [pool-2-thread-1] INFO io.cucumber.core.plugin.SerenityReporter - Running feature from classpath:features//jobOrder/jobOrder.feature
16:13:03.517 [pool-2-thread-1] INFO  - 
  _____   ___   ___   _____     ___   _____     _     ___   _____   ___   ___  
 |_   _| | __| / __| |_   _|   / __| |_   _|   /_\   | _ \ |_   _| | __| |   \ 
   | |   | _|  \__ \   | |     \__ \   | |    / _ \  |   /   | |   | _|  | |) |
   |_|   |___| |___/   |_|     |___/   |_|   /_/ \_\ |_|_\   |_|   |___| |___/ 

JOR 006 - Job Order Request Revised(job-order-request;jor-006---job-order-request-revised)
--------------------------------------------------------------------------------
  &amp#27;[31mGiven &amp#27;[0m&amp#27;[31mValid Data JSON Job Order Request&amp#27;[0m                           &amp#27;[90m# step_definitions.jobOrder.jobOrder.validDataJSONJobOrderRequest()&amp#27;[0m
      &amp#27;[31mjava.lang.NullPointerException: Cannot invoke "pageObjectAPI.jobOrder.jobOrderAPI.setJobOrderRequest(java.io.File)" because "this.jobOrderAPI" is null
	at serenity.rest.starter@1.0.0-SNAPSHOT/step_definitions.jobOrder.jobOrder.validDataJSONJobOrderRequest(jobOrder.java:19)
	at ✽.Valid Data JSON Job Order Request(classpath:features//jobOrder/jobOrder.feature:4)
&amp#27;[0m
  &amp#27;[36mWhen &amp#27;[0m&amp#27;[36mSend request post Job Order Request&amp#27;[0m                          &amp#27;[90m# step_definitions.jobOrder.jobOrder.sendRequestPostJobOrderRequest()&amp#27;[0m
  &amp#27;[36mThen &amp#27;[0m&amp#27;[36mthe response status code should be &amp#27;[0m&amp#27;[36m&amp#27;[1m201&amp#27;[0m&amp#27;[36m Created&amp#27;[0m               &amp#27;[90m# step_definitions.utills.responseStatusCode.theResponseStatusCodeShouldBeCreated(int)&amp#27;[0m
  &amp#27;[36mWhen &amp#27;[0m&amp#27;[36mSend request method to GET path to Job Order Request Revised&amp#27;[0m &amp#27;[90m# step_definitions.jobOrder.jobOrder.sendRequestMethodToGETPathToJobOrderRequestRevised()&amp#27;[0m
  &amp#27;[36mThen &amp#27;[0m&amp#27;[36mthe response status code should be &amp#27;[0m&amp#27;[36m&amp#27;[1m200&amp#27;[0m&amp#27;[36m OK&amp#27;[0m                    &amp#27;[90m# step_definitions.utills.responseStatusCode.theResponseStatusCodeShouldBeOK(int)&amp#27;[0m
  &amp#27;[36mAnd &amp#27;[0m&amp#27;[36mValidate json schema response Job Order Request Revised&amp#27;[0m       &amp#27;[90m# step_definitions.jobOrder.jobOrder.validateJsonSchemaResponseJobOrderRequestRevised()&amp#27;[0m
]]></system-out>
  </testcase>
  <testcase name="JOR 007 - Job Order Request In Progress" classname="Job Order Request" time="0.009">
    <error message="Cannot invoke &quot;pageObjectAPI.jobOrder.jobOrderAPI.setJobOrderRequest(java.io.File)&quot; because &quot;this.jobOrderAPI&quot; is null" type="java.lang.NullPointerException"><![CDATA[java.lang.NullPointerException: Cannot invoke "pageObjectAPI.jobOrder.jobOrderAPI.setJobOrderRequest(java.io.File)" because "this.jobOrderAPI" is null
]]></error>
    <system-out><![CDATA[
@recruitment @JOR
Scenario: JOR 007 - Job Order Request In Progress                       &amp#27;[90m# features//jobOrder/jobOrder.feature:33&amp#27;[0m
16:13:03.526 [pool-2-thread-1] INFO io.cucumber.core.plugin.SerenityReporter - Running feature from classpath:features//jobOrder/jobOrder.feature
16:13:03.527 [pool-2-thread-1] INFO  - 
  _____   ___   ___   _____     ___   _____     _     ___   _____   ___   ___  
 |_   _| | __| / __| |_   _|   / __| |_   _|   /_\   | _ \ |_   _| | __| |   \ 
   | |   | _|  \__ \   | |     \__ \   | |    / _ \  |   /   | |   | _|  | |) |
   |_|   |___| |___/   |_|     |___/   |_|   /_/ \_\ |_|_\   |_|   |___| |___/ 

JOR 007 - Job Order Request In Progress(job-order-request;jor-007---job-order-request-in-progress)
--------------------------------------------------------------------------------
  &amp#27;[31mGiven &amp#27;[0m&amp#27;[31mValid Data JSON Job Order Request&amp#27;[0m                               &amp#27;[90m# step_definitions.jobOrder.jobOrder.validDataJSONJobOrderRequest()&amp#27;[0m
      &amp#27;[31mjava.lang.NullPointerException: Cannot invoke "pageObjectAPI.jobOrder.jobOrderAPI.setJobOrderRequest(java.io.File)" because "this.jobOrderAPI" is null
	at serenity.rest.starter@1.0.0-SNAPSHOT/step_definitions.jobOrder.jobOrder.validDataJSONJobOrderRequest(jobOrder.java:19)
	at ✽.Valid Data JSON Job Order Request(classpath:features//jobOrder/jobOrder.feature:4)
&amp#27;[0m
  &amp#27;[36mWhen &amp#27;[0m&amp#27;[36mSend request post Job Order Request&amp#27;[0m                              &amp#27;[90m# step_definitions.jobOrder.jobOrder.sendRequestPostJobOrderRequest()&amp#27;[0m
  &amp#27;[36mThen &amp#27;[0m&amp#27;[36mthe response status code should be &amp#27;[0m&amp#27;[36m&amp#27;[1m201&amp#27;[0m&amp#27;[36m Created&amp#27;[0m                   &amp#27;[90m# step_definitions.utills.responseStatusCode.theResponseStatusCodeShouldBeCreated(int)&amp#27;[0m
  &amp#27;[36mWhen &amp#27;[0m&amp#27;[36mSend request method to GET path to Job Order Request In Progress&amp#27;[0m &amp#27;[90m# step_definitions.jobOrder.jobOrder.sendRequestMethodToGETPathToJobOrderRequestInProgress()&amp#27;[0m
  &amp#27;[36mThen &amp#27;[0m&amp#27;[36mthe response status code should be &amp#27;[0m&amp#27;[36m&amp#27;[1m200&amp#27;[0m&amp#27;[36m OK&amp#27;[0m                        &amp#27;[90m# step_definitions.utills.responseStatusCode.theResponseStatusCodeShouldBeOK(int)&amp#27;[0m
  &amp#27;[36mAnd &amp#27;[0m&amp#27;[36mValidate json schema response Job Order Request In Progress&amp#27;[0m       &amp#27;[90m# step_definitions.jobOrder.jobOrder.validateJsonSchemaResponseJobOrderRequestInProgress()&amp#27;[0m
]]></system-out>
  </testcase>
  <testcase name="JOR 008 - Job Order Request In History Approval" classname="Job Order Request" time="0.008">
    <error message="Cannot invoke &quot;pageObjectAPI.jobOrder.jobOrderAPI.setJobOrderRequest(java.io.File)&quot; because &quot;this.jobOrderAPI&quot; is null" type="java.lang.NullPointerException"><![CDATA[java.lang.NullPointerException: Cannot invoke "pageObjectAPI.jobOrder.jobOrderAPI.setJobOrderRequest(java.io.File)" because "this.jobOrderAPI" is null
]]></error>
    <system-out><![CDATA[
@recruitment @JOR
Scenario: JOR 008 - Job Order Request In History Approval                       &amp#27;[90m# features//jobOrder/jobOrder.feature:38&amp#27;[0m
16:13:03.537 [pool-2-thread-1] INFO io.cucumber.core.plugin.SerenityReporter - Running feature from classpath:features//jobOrder/jobOrder.feature
16:13:03.537 [pool-2-thread-1] INFO  - 
  _____   ___   ___   _____     ___   _____     _     ___   _____   ___   ___  
 |_   _| | __| / __| |_   _|   / __| |_   _|   /_\   | _ \ |_   _| | __| |   \ 
   | |   | _|  \__ \   | |     \__ \   | |    / _ \  |   /   | |   | _|  | |) |
   |_|   |___| |___/   |_|     |___/   |_|   /_/ \_\ |_|_\   |_|   |___| |___/ 

JOR 008 - Job Order Request In History Approval(job-order-request;jor-008---job-order-request-in-history-approval)
--------------------------------------------------------------------------------
  &amp#27;[31mGiven &amp#27;[0m&amp#27;[31mValid Data JSON Job Order Request&amp#27;[0m                                       &amp#27;[90m# step_definitions.jobOrder.jobOrder.validDataJSONJobOrderRequest()&amp#27;[0m
      &amp#27;[31mjava.lang.NullPointerException: Cannot invoke "pageObjectAPI.jobOrder.jobOrderAPI.setJobOrderRequest(java.io.File)" because "this.jobOrderAPI" is null
	at serenity.rest.starter@1.0.0-SNAPSHOT/step_definitions.jobOrder.jobOrder.validDataJSONJobOrderRequest(jobOrder.java:19)
	at ✽.Valid Data JSON Job Order Request(classpath:features//jobOrder/jobOrder.feature:4)
&amp#27;[0m
  &amp#27;[36mWhen &amp#27;[0m&amp#27;[36mSend request post Job Order Request&amp#27;[0m                                      &amp#27;[90m# step_definitions.jobOrder.jobOrder.sendRequestPostJobOrderRequest()&amp#27;[0m
  &amp#27;[36mThen &amp#27;[0m&amp#27;[36mthe response status code should be &amp#27;[0m&amp#27;[36m&amp#27;[1m201&amp#27;[0m&amp#27;[36m Created&amp#27;[0m                           &amp#27;[90m# step_definitions.utills.responseStatusCode.theResponseStatusCodeShouldBeCreated(int)&amp#27;[0m
  &amp#27;[36mWhen &amp#27;[0m&amp#27;[36mSend request method to GET path to Job Order Request In History Approval&amp#27;[0m &amp#27;[90m# step_definitions.jobOrder.jobOrder.sendRequestMethodToGETPathToJobOrderRequestInHistoryApproval()&amp#27;[0m
  &amp#27;[36mThen &amp#27;[0m&amp#27;[36mthe response status code should be &amp#27;[0m&amp#27;[36m&amp#27;[1m200&amp#27;[0m&amp#27;[36m OK&amp#27;[0m                                &amp#27;[90m# step_definitions.utills.responseStatusCode.theResponseStatusCodeShouldBeOK(int)&amp#27;[0m
  &amp#27;[36mAnd &amp#27;[0m&amp#27;[36mValidate json schema response Job Order Request In History Approval&amp#27;[0m       &amp#27;[90m# step_definitions.jobOrder.jobOrder.validateJsonSchemaResponseJobOrderRequestInHistoryApproval()&amp#27;[0m
]]></system-out>
  </testcase>
  <testcase name="JOR 009 - Job Order Request In History Rejected" classname="Job Order Request" time="0.009">
    <error message="Cannot invoke &quot;pageObjectAPI.jobOrder.jobOrderAPI.setJobOrderRequest(java.io.File)&quot; because &quot;this.jobOrderAPI&quot; is null" type="java.lang.NullPointerException"><![CDATA[java.lang.NullPointerException: Cannot invoke "pageObjectAPI.jobOrder.jobOrderAPI.setJobOrderRequest(java.io.File)" because "this.jobOrderAPI" is null
]]></error>
    <system-out><![CDATA[
@recruitment @JOR
Scenario: JOR 009 - Job Order Request In History Rejected                       &amp#27;[90m# features//jobOrder/jobOrder.feature:43&amp#27;[0m
16:13:03.546 [pool-2-thread-1] INFO io.cucumber.core.plugin.SerenityReporter - Running feature from classpath:features//jobOrder/jobOrder.feature
16:13:03.546 [pool-2-thread-1] INFO  - 
  _____   ___   ___   _____     ___   _____     _     ___   _____   ___   ___  
 |_   _| | __| / __| |_   _|   / __| |_   _|   /_\   | _ \ |_   _| | __| |   \ 
   | |   | _|  \__ \   | |     \__ \   | |    / _ \  |   /   | |   | _|  | |) |
   |_|   |___| |___/   |_|     |___/   |_|   /_/ \_\ |_|_\   |_|   |___| |___/ 

JOR 009 - Job Order Request In History Rejected(job-order-request;jor-009---job-order-request-in-history-rejected)
--------------------------------------------------------------------------------
  &amp#27;[31mGiven &amp#27;[0m&amp#27;[31mValid Data JSON Job Order Request&amp#27;[0m                                       &amp#27;[90m# step_definitions.jobOrder.jobOrder.validDataJSONJobOrderRequest()&amp#27;[0m
      &amp#27;[31mjava.lang.NullPointerException: Cannot invoke "pageObjectAPI.jobOrder.jobOrderAPI.setJobOrderRequest(java.io.File)" because "this.jobOrderAPI" is null
	at serenity.rest.starter@1.0.0-SNAPSHOT/step_definitions.jobOrder.jobOrder.validDataJSONJobOrderRequest(jobOrder.java:19)
	at ✽.Valid Data JSON Job Order Request(classpath:features//jobOrder/jobOrder.feature:4)
&amp#27;[0m
  &amp#27;[36mWhen &amp#27;[0m&amp#27;[36mSend request post Job Order Request&amp#27;[0m                                      &amp#27;[90m# step_definitions.jobOrder.jobOrder.sendRequestPostJobOrderRequest()&amp#27;[0m
  &amp#27;[36mThen &amp#27;[0m&amp#27;[36mthe response status code should be &amp#27;[0m&amp#27;[36m&amp#27;[1m201&amp#27;[0m&amp#27;[36m Created&amp#27;[0m                           &amp#27;[90m# step_definitions.utills.responseStatusCode.theResponseStatusCodeShouldBeCreated(int)&amp#27;[0m
  &amp#27;[36mWhen &amp#27;[0m&amp#27;[36mSend request method to GET path to Job Order Request In History Rejected&amp#27;[0m &amp#27;[90m# step_definitions.jobOrder.jobOrder.sendRequestMethodToGETPathToJobOrderRequestInHistoryRejected()&amp#27;[0m
  &amp#27;[36mThen &amp#27;[0m&amp#27;[36mthe response status code should be &amp#27;[0m&amp#27;[36m&amp#27;[1m200&amp#27;[0m&amp#27;[36m OK&amp#27;[0m                                &amp#27;[90m# step_definitions.utills.responseStatusCode.theResponseStatusCodeShouldBeOK(int)&amp#27;[0m
  &amp#27;[36mAnd &amp#27;[0m&amp#27;[36mValidate json schema response Job Order Request In History Rejected&amp#27;[0m       &amp#27;[90m# step_definitions.jobOrder.jobOrder.validateJsonSchemaResponseJobOrderRequestInHistoryRejected()&amp#27;[0m
]]></system-out>
  </testcase>
  <testcase name="JOR 010 - Job Order Request In History Revised" classname="Job Order Request" time="0.008">
    <error message="Cannot invoke &quot;pageObjectAPI.jobOrder.jobOrderAPI.setJobOrderRequest(java.io.File)&quot; because &quot;this.jobOrderAPI&quot; is null" type="java.lang.NullPointerException"><![CDATA[java.lang.NullPointerException: Cannot invoke "pageObjectAPI.jobOrder.jobOrderAPI.setJobOrderRequest(java.io.File)" because "this.jobOrderAPI" is null
]]></error>
    <system-out><![CDATA[
@recruitment @JOR
Scenario: JOR 010 - Job Order Request In History Revised                       &amp#27;[90m# features//jobOrder/jobOrder.feature:48&amp#27;[0m
16:13:03.556 [pool-2-thread-1] INFO io.cucumber.core.plugin.SerenityReporter - Running feature from classpath:features//jobOrder/jobOrder.feature
16:13:03.556 [pool-2-thread-1] INFO  - 
  _____   ___   ___   _____     ___   _____     _     ___   _____   ___   ___  
 |_   _| | __| / __| |_   _|   / __| |_   _|   /_\   | _ \ |_   _| | __| |   \ 
   | |   | _|  \__ \   | |     \__ \   | |    / _ \  |   /   | |   | _|  | |) |
   |_|   |___| |___/   |_|     |___/   |_|   /_/ \_\ |_|_\   |_|   |___| |___/ 

JOR 010 - Job Order Request In History Revised(job-order-request;jor-010---job-order-request-in-history-revised)
--------------------------------------------------------------------------------
  &amp#27;[31mGiven &amp#27;[0m&amp#27;[31mValid Data JSON Job Order Request&amp#27;[0m                                      &amp#27;[90m# step_definitions.jobOrder.jobOrder.validDataJSONJobOrderRequest()&amp#27;[0m
      &amp#27;[31mjava.lang.NullPointerException: Cannot invoke "pageObjectAPI.jobOrder.jobOrderAPI.setJobOrderRequest(java.io.File)" because "this.jobOrderAPI" is null
	at serenity.rest.starter@1.0.0-SNAPSHOT/step_definitions.jobOrder.jobOrder.validDataJSONJobOrderRequest(jobOrder.java:19)
	at ✽.Valid Data JSON Job Order Request(classpath:features//jobOrder/jobOrder.feature:4)
&amp#27;[0m
  &amp#27;[36mWhen &amp#27;[0m&amp#27;[36mSend request post Job Order Request&amp#27;[0m                                     &amp#27;[90m# step_definitions.jobOrder.jobOrder.sendRequestPostJobOrderRequest()&amp#27;[0m
  &amp#27;[36mThen &amp#27;[0m&amp#27;[36mthe response status code should be &amp#27;[0m&amp#27;[36m&amp#27;[1m201&amp#27;[0m&amp#27;[36m Created&amp#27;[0m                          &amp#27;[90m# step_definitions.utills.responseStatusCode.theResponseStatusCodeShouldBeCreated(int)&amp#27;[0m
  &amp#27;[36mWhen &amp#27;[0m&amp#27;[36mSend request method to GET path to Job Order Request In History Revised&amp#27;[0m &amp#27;[90m# step_definitions.jobOrder.jobOrder.sendRequestMethodToGETPathToJobOrderRequestInHistoryRevised()&amp#27;[0m
  &amp#27;[36mThen &amp#27;[0m&amp#27;[36mthe response status code should be &amp#27;[0m&amp#27;[36m&amp#27;[1m200&amp#27;[0m&amp#27;[36m OK&amp#27;[0m                               &amp#27;[90m# step_definitions.utills.responseStatusCode.theResponseStatusCodeShouldBeOK(int)&amp#27;[0m
  &amp#27;[36mAnd &amp#27;[0m&amp#27;[36mValidate json schema response Job Order Request In History Revised&amp#27;[0m       &amp#27;[90m# step_definitions.jobOrder.jobOrder.validateJsonSchemaResponseJobOrderRequestInHistoryRevised()&amp#27;[0m
]]></system-out>
  </testcase>
  <testcase name="JOR 011 - Cancel Job Order Request" classname="Job Order Request" time="0.011">
    <error message="Cannot invoke &quot;pageObjectAPI.jobOrder.jobOrderAPI.setJobOrderRequest(java.io.File)&quot; because &quot;this.jobOrderAPI&quot; is null" type="java.lang.NullPointerException"><![CDATA[java.lang.NullPointerException: Cannot invoke "pageObjectAPI.jobOrder.jobOrderAPI.setJobOrderRequest(java.io.File)" because "this.jobOrderAPI" is null
]]></error>
    <system-out><![CDATA[
@recruitment @JOR
Scenario: JOR 011 - Cancel Job Order Request                        &amp#27;[90m# features//jobOrder/jobOrder.feature:53&amp#27;[0m
16:13:03.564 [pool-2-thread-1] INFO io.cucumber.core.plugin.SerenityReporter - Running feature from classpath:features//jobOrder/jobOrder.feature
16:13:03.565 [pool-2-thread-1] INFO  - 
  _____   ___   ___   _____     ___   _____     _     ___   _____   ___   ___  
 |_   _| | __| / __| |_   _|   / __| |_   _|   /_\   | _ \ |_   _| | __| |   \ 
   | |   | _|  \__ \   | |     \__ \   | |    / _ \  |   /   | |   | _|  | |) |
   |_|   |___| |___/   |_|     |___/   |_|   /_/ \_\ |_|_\   |_|   |___| |___/ 

JOR 011 - Cancel Job Order Request(job-order-request;jor-011---cancel-job-order-request)
--------------------------------------------------------------------------------
  &amp#27;[31mGiven &amp#27;[0m&amp#27;[31mValid Data JSON Job Order Request&amp#27;[0m                           &amp#27;[90m# step_definitions.jobOrder.jobOrder.validDataJSONJobOrderRequest()&amp#27;[0m
      &amp#27;[31mjava.lang.NullPointerException: Cannot invoke "pageObjectAPI.jobOrder.jobOrderAPI.setJobOrderRequest(java.io.File)" because "this.jobOrderAPI" is null
	at serenity.rest.starter@1.0.0-SNAPSHOT/step_definitions.jobOrder.jobOrder.validDataJSONJobOrderRequest(jobOrder.java:19)
	at ✽.Valid Data JSON Job Order Request(classpath:features//jobOrder/jobOrder.feature:4)
&amp#27;[0m
  &amp#27;[36mWhen &amp#27;[0m&amp#27;[36mSend request post Job Order Request&amp#27;[0m                          &amp#27;[90m# step_definitions.jobOrder.jobOrder.sendRequestPostJobOrderRequest()&amp#27;[0m
  &amp#27;[36mThen &amp#27;[0m&amp#27;[36mthe response status code should be &amp#27;[0m&amp#27;[36m&amp#27;[1m201&amp#27;[0m&amp#27;[36m Created&amp#27;[0m               &amp#27;[90m# step_definitions.utills.responseStatusCode.theResponseStatusCodeShouldBeCreated(int)&amp#27;[0m
  &amp#27;[36mWhen &amp#27;[0m&amp#27;[36mSend request method to POST path to Cancel Job Order Request&amp#27;[0m &amp#27;[90m# step_definitions.jobOrder.jobOrder.sendRequestMethodToPOSTPathToCancelJobOrderRequest()&amp#27;[0m
  &amp#27;[36mThen &amp#27;[0m&amp#27;[36mthe response status code should be &amp#27;[0m&amp#27;[36m&amp#27;[1m200&amp#27;[0m&amp#27;[36m OK&amp#27;[0m                    &amp#27;[90m# step_definitions.utills.responseStatusCode.theResponseStatusCodeShouldBeOK(int)&amp#27;[0m
  &amp#27;[36mAnd &amp#27;[0m&amp#27;[36mValidate json schema response Cancel Job Order Request&amp#27;[0m        &amp#27;[90m# step_definitions.jobOrder.jobOrder.validateJsonSchemaResponseCancelJobOrderRequest()&amp#27;[0m
]]></system-out>
  </testcase>
  <testcase name="JOR 012 - Get One Job Order Request" classname="Job Order Request" time="0.007">
    <error message="Cannot invoke &quot;pageObjectAPI.jobOrder.jobOrderAPI.setJobOrderRequest(java.io.File)&quot; because &quot;this.jobOrderAPI&quot; is null" type="java.lang.NullPointerException"><![CDATA[java.lang.NullPointerException: Cannot invoke "pageObjectAPI.jobOrder.jobOrderAPI.setJobOrderRequest(java.io.File)" because "this.jobOrderAPI" is null
]]></error>
    <system-out><![CDATA[
@recruitment @JOR
Scenario: JOR 012 - Get One Job Order Request                       &amp#27;[90m# features//jobOrder/jobOrder.feature:59&amp#27;[0m
16:13:03.577 [pool-2-thread-1] INFO io.cucumber.core.plugin.SerenityReporter - Running feature from classpath:features//jobOrder/jobOrder.feature
16:13:03.577 [pool-2-thread-1] INFO  - 
  _____   ___   ___   _____     ___   _____     _     ___   _____   ___   ___  
 |_   _| | __| / __| |_   _|   / __| |_   _|   /_\   | _ \ |_   _| | __| |   \ 
   | |   | _|  \__ \   | |     \__ \   | |    / _ \  |   /   | |   | _|  | |) |
   |_|   |___| |___/   |_|     |___/   |_|   /_/ \_\ |_|_\   |_|   |___| |___/ 

JOR 012 - Get One Job Order Request(job-order-request;jor-012---get-one-job-order-request)
--------------------------------------------------------------------------------
  &amp#27;[31mGiven &amp#27;[0m&amp#27;[31mValid Data JSON Job Order Request&amp#27;[0m                           &amp#27;[90m# step_definitions.jobOrder.jobOrder.validDataJSONJobOrderRequest()&amp#27;[0m
      &amp#27;[31mjava.lang.NullPointerException: Cannot invoke "pageObjectAPI.jobOrder.jobOrderAPI.setJobOrderRequest(java.io.File)" because "this.jobOrderAPI" is null
	at serenity.rest.starter@1.0.0-SNAPSHOT/step_definitions.jobOrder.jobOrder.validDataJSONJobOrderRequest(jobOrder.java:19)
	at ✽.Valid Data JSON Job Order Request(classpath:features//jobOrder/jobOrder.feature:4)
&amp#27;[0m
  &amp#27;[36mWhen &amp#27;[0m&amp#27;[36mSend request post Job Order Request&amp#27;[0m                          &amp#27;[90m# step_definitions.jobOrder.jobOrder.sendRequestPostJobOrderRequest()&amp#27;[0m
  &amp#27;[36mThen &amp#27;[0m&amp#27;[36mthe response status code should be &amp#27;[0m&amp#27;[36m&amp#27;[1m201&amp#27;[0m&amp#27;[36m Created&amp#27;[0m               &amp#27;[90m# step_definitions.utills.responseStatusCode.theResponseStatusCodeShouldBeCreated(int)&amp#27;[0m
  &amp#27;[36mWhen &amp#27;[0m&amp#27;[36mSend request method to GET path to Get One Job Order Request&amp#27;[0m &amp#27;[90m# step_definitions.jobOrder.jobOrder.sendRequestMethodToGETPathToGetOneJobOrderRequest()&amp#27;[0m
  &amp#27;[36mThen &amp#27;[0m&amp#27;[36mthe response status code should be &amp#27;[0m&amp#27;[36m&amp#27;[1m200&amp#27;[0m&amp#27;[36m OK&amp#27;[0m                    &amp#27;[90m# step_definitions.utills.responseStatusCode.theResponseStatusCodeShouldBeOK(int)&amp#27;[0m
  &amp#27;[36mAnd &amp#27;[0m&amp#27;[36mValidate json schema response Get One Job Order Request&amp#27;[0m       &amp#27;[90m# step_definitions.jobOrder.jobOrder.validateJsonSchemaResponseGetOneJobOrderRequest()&amp#27;[0m
]]></system-out>
  </testcase>
  <testcase name="JOR 013 - List Job Posting" classname="Job Order Request" time="0.008">
    <error message="Cannot invoke &quot;pageObjectAPI.jobOrder.jobOrderAPI.setJobOrderRequest(java.io.File)&quot; because &quot;this.jobOrderAPI&quot; is null" type="java.lang.NullPointerException"><![CDATA[java.lang.NullPointerException: Cannot invoke "pageObjectAPI.jobOrder.jobOrderAPI.setJobOrderRequest(java.io.File)" because "this.jobOrderAPI" is null
]]></error>
    <system-out><![CDATA[
@recruitment @JOR
Scenario: JOR 013 - List Job Posting                       &amp#27;[90m# features//jobOrder/jobOrder.feature:64&amp#27;[0m
16:13:03.585 [pool-2-thread-1] INFO io.cucumber.core.plugin.SerenityReporter - Running feature from classpath:features//jobOrder/jobOrder.feature
16:13:03.586 [pool-2-thread-1] INFO  - 
  _____   ___   ___   _____     ___   _____     _     ___   _____   ___   ___  
 |_   _| | __| / __| |_   _|   / __| |_   _|   /_\   | _ \ |_   _| | __| |   \ 
   | |   | _|  \__ \   | |     \__ \   | |    / _ \  |   /   | |   | _|  | |) |
   |_|   |___| |___/   |_|     |___/   |_|   /_/ \_\ |_|_\   |_|   |___| |___/ 

JOR 013 - List Job Posting(job-order-request;jor-013---list-job-posting)
--------------------------------------------------------------------------------
  &amp#27;[31mGiven &amp#27;[0m&amp#27;[31mValid Data JSON Job Order Request&amp#27;[0m                  &amp#27;[90m# step_definitions.jobOrder.jobOrder.validDataJSONJobOrderRequest()&amp#27;[0m
      &amp#27;[31mjava.lang.NullPointerException: Cannot invoke "pageObjectAPI.jobOrder.jobOrderAPI.setJobOrderRequest(java.io.File)" because "this.jobOrderAPI" is null
	at serenity.rest.starter@1.0.0-SNAPSHOT/step_definitions.jobOrder.jobOrder.validDataJSONJobOrderRequest(jobOrder.java:19)
	at ✽.Valid Data JSON Job Order Request(classpath:features//jobOrder/jobOrder.feature:4)
&amp#27;[0m
  &amp#27;[36mWhen &amp#27;[0m&amp#27;[36mSend request post Job Order Request&amp#27;[0m                 &amp#27;[90m# step_definitions.jobOrder.jobOrder.sendRequestPostJobOrderRequest()&amp#27;[0m
  &amp#27;[36mThen &amp#27;[0m&amp#27;[36mthe response status code should be &amp#27;[0m&amp#27;[36m&amp#27;[1m201&amp#27;[0m&amp#27;[36m Created&amp#27;[0m      &amp#27;[90m# step_definitions.utills.responseStatusCode.theResponseStatusCodeShouldBeCreated(int)&amp#27;[0m
  &amp#27;[36mWhen &amp#27;[0m&amp#27;[36mSend request method to GET path to List Job Posting&amp#27;[0m &amp#27;[90m# step_definitions.jobOrder.jobOrder.sendRequestMethodToGETPathToListJobPosting()&amp#27;[0m
  &amp#27;[36mThen &amp#27;[0m&amp#27;[36mthe response status code should be &amp#27;[0m&amp#27;[36m&amp#27;[1m200&amp#27;[0m&amp#27;[36m OK&amp#27;[0m           &amp#27;[90m# step_definitions.utills.responseStatusCode.theResponseStatusCodeShouldBeOK(int)&amp#27;[0m
  &amp#27;[36mAnd &amp#27;[0m&amp#27;[36mValidate json schema response  List Job Posting&amp#27;[0m      &amp#27;[90m# step_definitions.jobOrder.jobOrder.validateJsonSchemaResponseListJobPosting()&amp#27;[0m
]]></system-out>
  </testcase>
  <testcase name="JOR 014 - List Request Approved" classname="Job Order Request" time="0.007">
    <error message="Cannot invoke &quot;pageObjectAPI.jobOrder.jobOrderAPI.setJobOrderRequest(java.io.File)&quot; because &quot;this.jobOrderAPI&quot; is null" type="java.lang.NullPointerException"><![CDATA[java.lang.NullPointerException: Cannot invoke "pageObjectAPI.jobOrder.jobOrderAPI.setJobOrderRequest(java.io.File)" because "this.jobOrderAPI" is null
]]></error>
    <system-out><![CDATA[
@recruitment @JOR
Scenario: JOR 014 - List Request Approved                       &amp#27;[90m# features//jobOrder/jobOrder.feature:69&amp#27;[0m
16:13:03.593 [pool-2-thread-1] INFO io.cucumber.core.plugin.SerenityReporter - Running feature from classpath:features//jobOrder/jobOrder.feature
16:13:03.594 [pool-2-thread-1] INFO  - 
  _____   ___   ___   _____     ___   _____     _     ___   _____   ___   ___  
 |_   _| | __| / __| |_   _|   / __| |_   _|   /_\   | _ \ |_   _| | __| |   \ 
   | |   | _|  \__ \   | |     \__ \   | |    / _ \  |   /   | |   | _|  | |) |
   |_|   |___| |___/   |_|     |___/   |_|   /_/ \_\ |_|_\   |_|   |___| |___/ 

JOR 014 - List Request Approved(job-order-request;jor-014---list-request-approved)
--------------------------------------------------------------------------------
  &amp#27;[31mGiven &amp#27;[0m&amp#27;[31mValid Data JSON Job Order Request&amp#27;[0m                       &amp#27;[90m# step_definitions.jobOrder.jobOrder.validDataJSONJobOrderRequest()&amp#27;[0m
      &amp#27;[31mjava.lang.NullPointerException: Cannot invoke "pageObjectAPI.jobOrder.jobOrderAPI.setJobOrderRequest(java.io.File)" because "this.jobOrderAPI" is null
	at serenity.rest.starter@1.0.0-SNAPSHOT/step_definitions.jobOrder.jobOrder.validDataJSONJobOrderRequest(jobOrder.java:19)
	at ✽.Valid Data JSON Job Order Request(classpath:features//jobOrder/jobOrder.feature:4)
&amp#27;[0m
  &amp#27;[36mWhen &amp#27;[0m&amp#27;[36mSend request post Job Order Request&amp#27;[0m                      &amp#27;[90m# step_definitions.jobOrder.jobOrder.sendRequestPostJobOrderRequest()&amp#27;[0m
  &amp#27;[36mThen &amp#27;[0m&amp#27;[36mthe response status code should be &amp#27;[0m&amp#27;[36m&amp#27;[1m201&amp#27;[0m&amp#27;[36m Created&amp#27;[0m           &amp#27;[90m# step_definitions.utills.responseStatusCode.theResponseStatusCodeShouldBeCreated(int)&amp#27;[0m
  &amp#27;[36mWhen &amp#27;[0m&amp#27;[36mSend request method to GET path to List Request Approved&amp#27;[0m &amp#27;[90m# step_definitions.jobOrder.jobOrder.sendRequestMethodToGETPathToListRequestApproved()&amp#27;[0m
  &amp#27;[36mThen &amp#27;[0m&amp#27;[36mthe response status code should be &amp#27;[0m&amp#27;[36m&amp#27;[1m200&amp#27;[0m&amp#27;[36m OK&amp#27;[0m                &amp#27;[90m# step_definitions.utills.responseStatusCode.theResponseStatusCodeShouldBeOK(int)&amp#27;[0m
  &amp#27;[36mAnd &amp#27;[0m&amp#27;[36mValidate json schema response List Request Approved&amp#27;[0m       &amp#27;[90m# step_definitions.jobOrder.jobOrder.validateJsonSchemaResponseListRequestApproved()&amp#27;[0m
]]></system-out>
  </testcase>
  <testcase name="JOR 015 - List Request Rejected" classname="Job Order Request" time="0.007">
    <error message="Cannot invoke &quot;pageObjectAPI.jobOrder.jobOrderAPI.setJobOrderRequest(java.io.File)&quot; because &quot;this.jobOrderAPI&quot; is null" type="java.lang.NullPointerException"><![CDATA[java.lang.NullPointerException: Cannot invoke "pageObjectAPI.jobOrder.jobOrderAPI.setJobOrderRequest(java.io.File)" because "this.jobOrderAPI" is null
]]></error>
    <system-out><![CDATA[
@recruitment @JOR
Scenario: JOR 015 - List Request Rejected                       &amp#27;[90m# features//jobOrder/jobOrder.feature:74&amp#27;[0m
16:13:03.602 [pool-2-thread-1] INFO io.cucumber.core.plugin.SerenityReporter - Running feature from classpath:features//jobOrder/jobOrder.feature
16:13:03.602 [pool-2-thread-1] INFO  - 
  _____   ___   ___   _____     ___   _____     _     ___   _____   ___   ___  
 |_   _| | __| / __| |_   _|   / __| |_   _|   /_\   | _ \ |_   _| | __| |   \ 
   | |   | _|  \__ \   | |     \__ \   | |    / _ \  |   /   | |   | _|  | |) |
   |_|   |___| |___/   |_|     |___/   |_|   /_/ \_\ |_|_\   |_|   |___| |___/ 

JOR 015 - List Request Rejected(job-order-request;jor-015---list-request-rejected)
--------------------------------------------------------------------------------
  &amp#27;[31mGiven &amp#27;[0m&amp#27;[31mValid Data JSON Job Order Request&amp#27;[0m                       &amp#27;[90m# step_definitions.jobOrder.jobOrder.validDataJSONJobOrderRequest()&amp#27;[0m
      &amp#27;[31mjava.lang.NullPointerException: Cannot invoke "pageObjectAPI.jobOrder.jobOrderAPI.setJobOrderRequest(java.io.File)" because "this.jobOrderAPI" is null
	at serenity.rest.starter@1.0.0-SNAPSHOT/step_definitions.jobOrder.jobOrder.validDataJSONJobOrderRequest(jobOrder.java:19)
	at ✽.Valid Data JSON Job Order Request(classpath:features//jobOrder/jobOrder.feature:4)
&amp#27;[0m
  &amp#27;[36mWhen &amp#27;[0m&amp#27;[36mSend request post Job Order Request&amp#27;[0m                      &amp#27;[90m# step_definitions.jobOrder.jobOrder.sendRequestPostJobOrderRequest()&amp#27;[0m
  &amp#27;[36mThen &amp#27;[0m&amp#27;[36mthe response status code should be &amp#27;[0m&amp#27;[36m&amp#27;[1m201&amp#27;[0m&amp#27;[36m Created&amp#27;[0m           &amp#27;[90m# step_definitions.utills.responseStatusCode.theResponseStatusCodeShouldBeCreated(int)&amp#27;[0m
  &amp#27;[36mWhen &amp#27;[0m&amp#27;[36mSend request method to GET path to List Request Rejected&amp#27;[0m &amp#27;[90m# step_definitions.jobOrder.jobOrder.sendRequestMethodToGETPathToListRequestRejected()&amp#27;[0m
  &amp#27;[36mThen &amp#27;[0m&amp#27;[36mthe response status code should be &amp#27;[0m&amp#27;[36m&amp#27;[1m200&amp#27;[0m&amp#27;[36m OK&amp#27;[0m                &amp#27;[90m# step_definitions.utills.responseStatusCode.theResponseStatusCodeShouldBeOK(int)&amp#27;[0m
  &amp#27;[36mAnd &amp#27;[0m&amp#27;[36mValidate json schema response List Request Rejected&amp#27;[0m       &amp#27;[90m# step_definitions.jobOrder.jobOrder.validateJsonSchemaResponseListRequestRejected()&amp#27;[0m
]]></system-out>
  </testcase>
  <testcase name="JOR 016 - List Request Revised" classname="Job Order Request" time="0.01">
    <error message="Cannot invoke &quot;pageObjectAPI.jobOrder.jobOrderAPI.setJobOrderRequest(java.io.File)&quot; because &quot;this.jobOrderAPI&quot; is null" type="java.lang.NullPointerException"><![CDATA[java.lang.NullPointerException: Cannot invoke "pageObjectAPI.jobOrder.jobOrderAPI.setJobOrderRequest(java.io.File)" because "this.jobOrderAPI" is null
]]></error>
    <system-out><![CDATA[
@recruitment @JOR
Scenario: JOR 016 - List Request Revised                       &amp#27;[90m# features//jobOrder/jobOrder.feature:79&amp#27;[0m
16:13:03.610 [pool-2-thread-1] INFO io.cucumber.core.plugin.SerenityReporter - Running feature from classpath:features//jobOrder/jobOrder.feature
16:13:03.610 [pool-2-thread-1] INFO  - 
  _____   ___   ___   _____     ___   _____     _     ___   _____   ___   ___  
 |_   _| | __| / __| |_   _|   / __| |_   _|   /_\   | _ \ |_   _| | __| |   \ 
   | |   | _|  \__ \   | |     \__ \   | |    / _ \  |   /   | |   | _|  | |) |
   |_|   |___| |___/   |_|     |___/   |_|   /_/ \_\ |_|_\   |_|   |___| |___/ 

JOR 016 - List Request Revised(job-order-request;jor-016---list-request-revised)
--------------------------------------------------------------------------------
  &amp#27;[31mGiven &amp#27;[0m&amp#27;[31mValid Data JSON Job Order Request&amp#27;[0m                      &amp#27;[90m# step_definitions.jobOrder.jobOrder.validDataJSONJobOrderRequest()&amp#27;[0m
      &amp#27;[31mjava.lang.NullPointerException: Cannot invoke "pageObjectAPI.jobOrder.jobOrderAPI.setJobOrderRequest(java.io.File)" because "this.jobOrderAPI" is null
	at serenity.rest.starter@1.0.0-SNAPSHOT/step_definitions.jobOrder.jobOrder.validDataJSONJobOrderRequest(jobOrder.java:19)
	at ✽.Valid Data JSON Job Order Request(classpath:features//jobOrder/jobOrder.feature:4)
&amp#27;[0m
  &amp#27;[36mWhen &amp#27;[0m&amp#27;[36mSend request post Job Order Request&amp#27;[0m                     &amp#27;[90m# step_definitions.jobOrder.jobOrder.sendRequestPostJobOrderRequest()&amp#27;[0m
  &amp#27;[36mThen &amp#27;[0m&amp#27;[36mthe response status code should be &amp#27;[0m&amp#27;[36m&amp#27;[1m201&amp#27;[0m&amp#27;[36m Created&amp#27;[0m          &amp#27;[90m# step_definitions.utills.responseStatusCode.theResponseStatusCodeShouldBeCreated(int)&amp#27;[0m
  &amp#27;[36mWhen &amp#27;[0m&amp#27;[36mSend request method to GET path to List Request Revised&amp#27;[0m &amp#27;[90m# step_definitions.jobOrder.jobOrder.sendRequestMethodToGETPathToListRequestRevised()&amp#27;[0m
  &amp#27;[36mThen &amp#27;[0m&amp#27;[36mthe response status code should be &amp#27;[0m&amp#27;[36m&amp#27;[1m200&amp#27;[0m&amp#27;[36m OK&amp#27;[0m               &amp#27;[90m# step_definitions.utills.responseStatusCode.theResponseStatusCodeShouldBeOK(int)&amp#27;[0m
  &amp#27;[36mAnd &amp#27;[0m&amp#27;[36mValidate json schema response List Request Revised&amp#27;[0m       &amp#27;[90m# step_definitions.jobOrder.jobOrder.validateJsonSchemaResponseListRequestRevised()&amp#27;[0m
]]></system-out>
  </testcase>
  <testcase name="JOR 017 - List Request InProgress" classname="Job Order Request" time="0.007">
    <error message="Cannot invoke &quot;pageObjectAPI.jobOrder.jobOrderAPI.setJobOrderRequest(java.io.File)&quot; because &quot;this.jobOrderAPI&quot; is null" type="java.lang.NullPointerException"><![CDATA[java.lang.NullPointerException: Cannot invoke "pageObjectAPI.jobOrder.jobOrderAPI.setJobOrderRequest(java.io.File)" because "this.jobOrderAPI" is null
]]></error>
    <system-out><![CDATA[
@recruitment @JOR
Scenario: JOR 017 - List Request InProgress                       &amp#27;[90m# features//jobOrder/jobOrder.feature:84&amp#27;[0m
16:13:03.620 [pool-2-thread-1] INFO io.cucumber.core.plugin.SerenityReporter - Running feature from classpath:features//jobOrder/jobOrder.feature
16:13:03.621 [pool-2-thread-1] INFO  - 
  _____   ___   ___   _____     ___   _____     _     ___   _____   ___   ___  
 |_   _| | __| / __| |_   _|   / __| |_   _|   /_\   | _ \ |_   _| | __| |   \ 
   | |   | _|  \__ \   | |     \__ \   | |    / _ \  |   /   | |   | _|  | |) |
   |_|   |___| |___/   |_|     |___/   |_|   /_/ \_\ |_|_\   |_|   |___| |___/ 

JOR 017 - List Request InProgress(job-order-request;jor-017---list-request-inprogress)
--------------------------------------------------------------------------------
  &amp#27;[31mGiven &amp#27;[0m&amp#27;[31mValid Data JSON Job Order Request&amp#27;[0m                         &amp#27;[90m# step_definitions.jobOrder.jobOrder.validDataJSONJobOrderRequest()&amp#27;[0m
      &amp#27;[31mjava.lang.NullPointerException: Cannot invoke "pageObjectAPI.jobOrder.jobOrderAPI.setJobOrderRequest(java.io.File)" because "this.jobOrderAPI" is null
	at serenity.rest.starter@1.0.0-SNAPSHOT/step_definitions.jobOrder.jobOrder.validDataJSONJobOrderRequest(jobOrder.java:19)
	at ✽.Valid Data JSON Job Order Request(classpath:features//jobOrder/jobOrder.feature:4)
&amp#27;[0m
  &amp#27;[36mWhen &amp#27;[0m&amp#27;[36mSend request post Job Order Request&amp#27;[0m                        &amp#27;[90m# step_definitions.jobOrder.jobOrder.sendRequestPostJobOrderRequest()&amp#27;[0m
  &amp#27;[36mThen &amp#27;[0m&amp#27;[36mthe response status code should be &amp#27;[0m&amp#27;[36m&amp#27;[1m201&amp#27;[0m&amp#27;[36m Created&amp#27;[0m             &amp#27;[90m# step_definitions.utills.responseStatusCode.theResponseStatusCodeShouldBeCreated(int)&amp#27;[0m
  &amp#27;[36mWhen &amp#27;[0m&amp#27;[36mSend request method to GET path to List Request InProgress&amp#27;[0m &amp#27;[90m# step_definitions.jobOrder.jobOrder.sendRequestMethodToGETPathToListRequestInProgress()&amp#27;[0m
  &amp#27;[36mThen &amp#27;[0m&amp#27;[36mthe response status code should be &amp#27;[0m&amp#27;[36m&amp#27;[1m200&amp#27;[0m&amp#27;[36m OK&amp#27;[0m                  &amp#27;[90m# step_definitions.utills.responseStatusCode.theResponseStatusCodeShouldBeOK(int)&amp#27;[0m
  &amp#27;[36mAnd &amp#27;[0m&amp#27;[36mValidate json schema response List Request InProgress&amp#27;[0m       &amp#27;[90m# step_definitions.jobOrder.jobOrder.validateJsonSchemaResponseListRequestInProgress()&amp#27;[0m
]]></system-out>
  </testcase>
  <testcase name="JOR 018 - List Request Draft" classname="Job Order Request" time="0.008">
    <error message="Cannot invoke &quot;pageObjectAPI.jobOrder.jobOrderAPI.setJobOrderRequest(java.io.File)&quot; because &quot;this.jobOrderAPI&quot; is null" type="java.lang.NullPointerException"><![CDATA[java.lang.NullPointerException: Cannot invoke "pageObjectAPI.jobOrder.jobOrderAPI.setJobOrderRequest(java.io.File)" because "this.jobOrderAPI" is null
]]></error>
    <system-out><![CDATA[
@recruitment @JOR
Scenario: JOR 018 - List Request Draft                       &amp#27;[90m# features//jobOrder/jobOrder.feature:89&amp#27;[0m
16:13:03.629 [pool-2-thread-1] INFO io.cucumber.core.plugin.SerenityReporter - Running feature from classpath:features//jobOrder/jobOrder.feature
16:13:03.629 [pool-2-thread-1] INFO  - 
  _____   ___   ___   _____     ___   _____     _     ___   _____   ___   ___  
 |_   _| | __| / __| |_   _|   / __| |_   _|   /_\   | _ \ |_   _| | __| |   \ 
   | |   | _|  \__ \   | |     \__ \   | |    / _ \  |   /   | |   | _|  | |) |
   |_|   |___| |___/   |_|     |___/   |_|   /_/ \_\ |_|_\   |_|   |___| |___/ 

JOR 018 - List Request Draft(job-order-request;jor-018---list-request-draft)
--------------------------------------------------------------------------------
  &amp#27;[31mGiven &amp#27;[0m&amp#27;[31mValid Data JSON Job Order Request&amp#27;[0m                    &amp#27;[90m# step_definitions.jobOrder.jobOrder.validDataJSONJobOrderRequest()&amp#27;[0m
      &amp#27;[31mjava.lang.NullPointerException: Cannot invoke "pageObjectAPI.jobOrder.jobOrderAPI.setJobOrderRequest(java.io.File)" because "this.jobOrderAPI" is null
	at serenity.rest.starter@1.0.0-SNAPSHOT/step_definitions.jobOrder.jobOrder.validDataJSONJobOrderRequest(jobOrder.java:19)
	at ✽.Valid Data JSON Job Order Request(classpath:features//jobOrder/jobOrder.feature:4)
&amp#27;[0m
  &amp#27;[36mWhen &amp#27;[0m&amp#27;[36mSend request post Job Order Request&amp#27;[0m                   &amp#27;[90m# step_definitions.jobOrder.jobOrder.sendRequestPostJobOrderRequest()&amp#27;[0m
  &amp#27;[36mThen &amp#27;[0m&amp#27;[36mthe response status code should be &amp#27;[0m&amp#27;[36m&amp#27;[1m201&amp#27;[0m&amp#27;[36m Created&amp#27;[0m        &amp#27;[90m# step_definitions.utills.responseStatusCode.theResponseStatusCodeShouldBeCreated(int)&amp#27;[0m
  &amp#27;[36mWhen &amp#27;[0m&amp#27;[36mSend request method to GET path to List Request Draft&amp#27;[0m &amp#27;[90m# step_definitions.jobOrder.jobOrder.sendRequestMethodToGETPathToListRequestDraft()&amp#27;[0m
  &amp#27;[36mThen &amp#27;[0m&amp#27;[36mthe response status code should be &amp#27;[0m&amp#27;[36m&amp#27;[1m200&amp#27;[0m&amp#27;[36m OK&amp#27;[0m             &amp#27;[90m# step_definitions.utills.responseStatusCode.theResponseStatusCodeShouldBeOK(int)&amp#27;[0m
  &amp#27;[36mAnd &amp#27;[0m&amp#27;[36mValidate json schema response List Request Draft&amp#27;[0m       &amp#27;[90m# step_definitions.jobOrder.jobOrder.validateJsonSchemaResponseListRequestDraft()&amp#27;[0m
]]></system-out>
  </testcase>
</testsuite>